Start eavesdropping on unknown users 1
Stop eavesdropping on unknown users 1
Start eavesdropping on known users 1
Stop eavesdropping on known users 1
Start eavesdropping on unknown users 2
Stop eavesdropping on unknown users 2
Start eavesdropping on known users 2
Stop eavesdropping on known users 2
Start eavesdropping on unknown users 3
Stop eavesdropping on unknown users 3
Start eavesdropping on known users 3
Stop eavesdropping on known users 3
Start eavesdropping on unknown users 4
Stop eavesdropping on unknown users 4
Start eavesdropping on known users 4
Stop eavesdropping on known users 4
Start eavesdropping on unknown users 5
Stop eavesdropping on unknown users 5
Start eavesdropping on known users 5
Stop eavesdropping on known users 5
Start eavesdropping on unknown users 6
Stop eavesdropping on unknown users 6
Start eavesdropping on known users 6
Stop eavesdropping on known users 6
Start eavesdropping on unknown users 7
Stop eavesdropping on unknown users 7
Start eavesdropping on known users 7
Stop eavesdropping on known users 7
Start eavesdropping on unknown users 8
Stop eavesdropping on unknown users 8
Start eavesdropping on known users 8
Stop eavesdropping on known users 8
Start eavesdropping on unknown users 9
Stop eavesdropping on unknown users 9
Start eavesdropping on known users 9
Stop eavesdropping on known users 9
Start eavesdropping on unknown users 10
Stop eavesdropping on unknown users 10
Start eavesdropping on known users 10
Stop eavesdropping on known users 10
Start eavesdropping on victim and first user
Stop eavesdropping on victim and first user
Start eavesdropping on victim and second user
Stop eavesdropping on victim and second user
The victim knows the user they are connecting to True
The victim knows the user they are connecting to False
