<!DOCTYPE html>
<html lang="en">
<head>
    <style>
        html,
        body {
        height: 100%;
        min-height: 100%;
        }

        main {
        min-height: calc(100vh - 2em); /* subtract the footer height */
        }

        header {
        text-align: center;
        padding: 5px;
        }

        footer {
        clear: both;
        height: 2em;
        padding-left: 10px;
        padding-right: 10px;
        text-align: center;
        }

        td, th {
        border: 1px solid #999;
        padding: 0.5rem;
        }

        div#hmenu {
        margin: 0;
        padding: .3em 0 .3em 0;
        background: #898989;
        width: 100%;
        text-align: left;
        }

        div#hmenu ul {
        list-style: none;
        margin: 0;
        padding: 0;
        }

        div#hmenu ul li {
        margin: 0;
        padding: 0;
        display: inline;
        }

        div#hmenu ul a:link{
        margin: 0;
        padding: .3em .4em .3em .4em;
        text-decoration: none;
        font-weight: bold;
        font-size: medium;
        color: #ff6418;
        }

        div#hmenu ul a:visited{
        margin: 0;
        padding: .3em .4em .3em .4em;
        text-decoration: none;
        font-weight: bold;
        font-size: medium;
        color: #fff;
        }

        div#hmenu ul a:active{
        margin: 0;
        padding: .3em .4em .3em .4em;
        text-decoration: none;
        font-weight: bold;
        font-size: medium;
        color: #fff;
        }

        div#hmenu ul a:hover{
        margin: 0;
        padding: .3em .4em .3em .4em;
        text-decoration: none;
        font-weight: bold;
        font-size: medium;
        color: #ff6418;
        background-color: #fff;
        }
    </style>
    <title>GabFeed - Keep gabbing!</title>
</head>
<body>
<main>
    <!-- Main Content Section -->
    <section>
        <h1>GabFeed! - Search</h1>

        <div align="right">
            Hi <a href="/user/foo">Foo!</a>!
        </div>
        <div id="hmenu">
            <ul>
                <li><a href="/rooms">Rooms</a></li>
<li><a href="/search">Search</a></li>
<li><a href="/logout">Logout</a></li>

            </ul>
        </div>
        <br/>

        <div>
            <script type="text/javascript">
                function getWidth(tagName) {
                    var xhttpRequest = new XMLHttpRequest();
                    var elementWidth = document.documentElement.getElementsByTagName(tagName)[0].clientWidth;
                    xhttpRequest.open("PUT", "/width/" + elementWidth, true);
                    xhttpRequest.send();
                }
            </script>
            <center>Today's special search terms are: diabetes, cancer, HIV, malaria, dyslexia, lupus, epilepsy, fibromyalgia, pericarditis, angina, anemia, ringworm, polio, gonorrhea, and diarrhea.  Search for these terms to learn more.  Or search for whatever interests you.<form action="/search" method="post" enctype="multipart/form-data">    <input type="text" name="search" placeholder="search here" /> <br/>    <input type="submit" value="search" name="submit" /></form></center>
        </div>
    </section>
</main>
</body>
</html>
<!DOCTYPE html>
<html lang="en">
<head>
    <style>
        html,
        body {
        height: 100%;
        min-height: 100%;
        }

        main {
        min-height: calc(100vh - 2em); /* subtract the footer height */
        }

        header {
        text-align: center;
        padding: 5px;
        }

        footer {
        clear: both;
        height: 2em;
        padding-left: 10px;
        padding-right: 10px;
        text-align: center;
        }

        td, th {
        border: 1px solid #999;
        padding: 0.5rem;
        }

        div#hmenu {
        margin: 0;
        padding: .3em 0 .3em 0;
        background: #898989;
        width: 100%;
        text-align: left;
        }

        div#hmenu ul {
        list-style: none;
        margin: 0;
        padding: 0;
        }

        div#hmenu ul li {
        margin: 0;
        padding: 0;
        display: inline;
        }

        div#hmenu ul a:link{
        margin: 0;
        padding: .3em .4em .3em .4em;
        text-decoration: none;
        font-weight: bold;
        font-size: medium;
        color: #ff6418;
        }

        div#hmenu ul a:visited{
        margin: 0;
        padding: .3em .4em .3em .4em;
        text-decoration: none;
        font-weight: bold;
        font-size: medium;
        color: #fff;
        }

        div#hmenu ul a:active{
        margin: 0;
        padding: .3em .4em .3em .4em;
        text-decoration: none;
        font-weight: bold;
        font-size: medium;
        color: #fff;
        }

        div#hmenu ul a:hover{
        margin: 0;
        padding: .3em .4em .3em .4em;
        text-decoration: none;
        font-weight: bold;
        font-size: medium;
        color: #ff6418;
        background-color: #fff;
        }
    </style>
    <title>GabFeed - Keep gabbing!</title>
</head>
<body>
<main>
    <!-- Main Content Section -->
    <section>
        <h1>GabFeed! - Search</h1>

        <div align="right">
            Hi <a href="/user/foo">Foo!</a>!
        </div>
        <div id="hmenu">
            <ul>
                <li><a href="/rooms">Rooms</a></li>
<li><a href="/search">Search</a></li>
<li><a href="/logout">Logout</a></li>

            </ul>
        </div>
        <br/>

        <div>
            <script type="text/javascript">
                function getWidth(tagName) {
                    var xhttpRequest = new XMLHttpRequest();
                    var elementWidth = document.documentElement.getElementsByTagName(tagName)[0].clientWidth;
                    xhttpRequest.open("PUT", "/width/" + elementWidth, true);
                    xhttpRequest.send();
                }
            </script>
            <center>Today's special search terms are: diabetes, cancer, HIV, malaria, dyslexia, lupus, epilepsy, fibromyalgia, pericarditis, angina, anemia, ringworm, polio, gonorrhea, and diarrhea.  Search for these terms to learn more.  Or search for whatever interests you.<form action="/search" method="post" enctype="multipart/form-data">    <input type="text" name="search" placeholder="search here" /> <br/>    <input type="submit" value="search" name="submit" /></form></center><section>
    <table width="100%">
        <col style="width:20%">
        <col style="width:80%">
        <thead>
            <tr>
                <th>Author</th>
                <th>Message</th>
            </tr>
        </thead>
        <tbody>
        <script type="text/javascript">
            getWidth("tbody");
        </script>
        <tr>
    <td><a href="/user/foo">Foo!</a><br/>
    </td>
    <td><p>abcd<br/></p></td>
</tr>
<tr>
    <td><a href="/user/foo">Foo!</a><br/>
    </td>
    <td><p>abcd<br/></p></td>
</tr>
<tr>
    <td><a href="/user/foo">Foo!</a><br/>
    </td>
    <td><p>abcd<br/></p></td>
</tr>
<tr>
    <td><a href="/user/foo">Foo!</a><br/>
    </td>
    <td><p>abcd<br/></p></td>
</tr>
<tr>
    <td><a href="/user/foo">Foo!</a><br/>
    </td>
    <td><p>abcd<br/></p></td>
</tr>
<tr>
    <td><a href="/user/foo">Foo!</a><br/>
    </td>
    <td><p>abcd<br/></p></td>
</tr>
<tr>
    <td><a href="/user/foo">Foo!</a><br/>
    </td>
    <td><p>abcd<br/></p></td>
</tr>
<tr>
    <td><a href="/user/foo">Foo!</a><br/>
    </td>
    <td><p>abcd<br/></p></td>
</tr>
<tr>
    <td><a href="/user/foo">Foo!</a><br/>
    </td>
    <td><p>abcd<br/></p></td>
</tr>
<tr>
    <td><a href="/user/foo">Foo!</a><br/>
    </td>
    <td><p>abcd<br/></p></td>
</tr>
<tr>
    <td><a href="/user/foo">Foo!</a><br/>
    </td>
    <td><p>abcd<br/></p></td>
</tr>
<tr>
    <td><a href="/user/foo">Foo!</a><br/>
    </td>
    <td><p>abcd<br/></p></td>
</tr>
<tr>
    <td><a href="/user/foo">Foo!</a><br/>
    </td>
    <td><p>abcd<br/></p></td>
</tr>
<tr>
    <td><a href="/user/foo">Foo!</a><br/>
    </td>
    <td><p>abcd<br/></p></td>
</tr>
<tr>
    <td><a href="/user/foo">Foo!</a><br/>
    </td>
    <td><p>abcd<br/></p></td>
</tr>
<tr>
    <td><a href="/user/foo">Foo!</a><br/>
    </td>
    <td><p>abcd<br/></p></td>
</tr>
<tr>
    <td><a href="/user/foo">Foo!</a><br/>
    </td>
    <td><p>abcd<br/></p></td>
</tr>
<tr>
    <td><a href="/user/foo">Foo!</a><br/>
    </td>
    <td><p>abcd<br/></p></td>
</tr>
<tr>
    <td><a href="/user/foo">Foo!</a><br/>
    </td>
    <td><p>abcd<br/></p></td>
</tr>
<tr>
    <td><a href="/user/foo">Foo!</a><br/>
    </td>
    <td><p>abcd<br/></p></td>
</tr>
<tr>
    <td><a href="/user/foo">Foo!</a><br/>
    </td>
    <td><p>abcd<br/></p></td>
</tr>
<tr>
    <td><a href="/user/foo">Foo!</a><br/>
    </td>
    <td><p>abcd<br/></p></td>
</tr>
<tr>
    <td><a href="/user/foo">Foo!</a><br/>
    </td>
    <td><p>abcd<br/></p></td>
</tr>
<tr>
    <td><a href="/user/foo">Foo!</a><br/>
    </td>
    <td><p>abcd<br/></p></td>
</tr>
<tr>
    <td><a href="/user/foo">Foo!</a><br/>
    </td>
    <td><p>abcd<br/></p></td>
</tr>
<tr>
    <td><a href="/user/foo">Foo!</a><br/>
    </td>
    <td><p>abcd<br/></p></td>
</tr>
<tr>
    <td><a href="/user/foo">Foo!</a><br/>
    </td>
    <td><p>abcd<br/></p></td>
</tr>
<tr>
    <td><a href="/user/foo">Foo!</a><br/>
    </td>
    <td><p>abcd<br/></p></td>
</tr>
<tr>
    <td><a href="/user/foo">Foo!</a><br/>
    </td>
    <td><p>abcd<br/></p></td>
</tr>
<tr>
    <td><a href="/user/foo">Foo!</a><br/>
    </td>
    <td><p>abcd<br/></p></td>
</tr>
<tr>
    <td><a href="/user/foo">Foo!</a><br/>
    </td>
    <td><p>abcd<br/></p></td>
</tr>
<tr>
    <td><a href="/user/foo">Foo!</a><br/>
    </td>
    <td><p>abcd<br/></p></td>
</tr>
<tr>
    <td><a href="/user/foo">Foo!</a><br/>
    </td>
    <td><p>abcd<br/></p></td>
</tr>
<tr>
    <td><a href="/user/foo">Foo!</a><br/>
    </td>
    <td><p>abcd<br/></p></td>
</tr>
<tr>
    <td><a href="/user/foo">Foo!</a><br/>
    </td>
    <td><p>abcd<br/></p></td>
</tr>
<tr>
    <td><a href="/user/foo">Foo!</a><br/>
    </td>
    <td><p>abcd<br/></p></td>
</tr>
<tr>
    <td><a href="/user/foo">Foo!</a><br/>
    </td>
    <td><p>abcd<br/></p></td>
</tr>
<tr>
    <td><a href="/user/foo">Foo!</a><br/>
    </td>
    <td><p>abcd<br/></p></td>
</tr>
<tr>
    <td><a href="/user/foo">Foo!</a><br/>
    </td>
    <td><p>abcd<br/></p></td>
</tr>
<tr>
    <td><a href="/user/foo">Foo!</a><br/>
    </td>
    <td><p>abcd<br/></p></td>
</tr>
<tr>
    <td><a href="/user/foo">Foo!</a><br/>
    </td>
    <td><p>abcd<br/></p></td>
</tr>
<tr>
    <td><a href="/user/foo">Foo!</a><br/>
    </td>
    <td><p>abcd<br/></p></td>
</tr>
<tr>
    <td><a href="/user/foo">Foo!</a><br/>
    </td>
    <td><p>abcd<br/></p></td>
</tr>
<tr>
    <td><a href="/user/foo">Foo!</a><br/>
    </td>
    <td><p>abcd<br/></p></td>
</tr>
<tr>
    <td><a href="/user/foo">Foo!</a><br/>
    </td>
    <td><p>abcd<br/></p></td>
</tr>
<tr>
    <td><a href="/user/foo">Foo!</a><br/>
    </td>
    <td><p>abcd<br/></p></td>
</tr>
<tr>
    <td><a href="/user/foo">Foo!</a><br/>
    </td>
    <td><p>abcd<br/></p></td>
</tr>
<tr>
    <td><a href="/user/foo">Foo!</a><br/>
    </td>
    <td><p>abcd<br/></p></td>
</tr>
<tr>
    <td><a href="/user/foo">Foo!</a><br/>
    </td>
    <td><p>abcd<br/></p></td>
</tr>
<tr>
    <td><a href="/user/foo">Foo!</a><br/>
    </td>
    <td><p>abcd<br/></p></td>
</tr>
<tr>
    <td><a href="/user/foo">Foo!</a><br/>
    </td>
    <td><p>abcd<br/></p></td>
</tr>
<tr>
    <td><a href="/user/foo">Foo!</a><br/>
    </td>
    <td><p>abcd<br/></p></td>
</tr>
<tr>
    <td><a href="/user/foo">Foo!</a><br/>
    </td>
    <td><p>abcd<br/></p></td>
</tr>
<tr>
    <td><a href="/user/foo">Foo!</a><br/>
    </td>
    <td><p>abcd<br/></p></td>
</tr>
<tr>
    <td><a href="/user/foo">Foo!</a><br/>
    </td>
    <td><p>abcd<br/></p></td>
</tr>
<tr>
    <td><a href="/user/foo">Foo!</a><br/>
    </td>
    <td><p>abcd<br/></p></td>
</tr>
<tr>
    <td><a href="/user/foo">Foo!</a><br/>
    </td>
    <td><p>abcd<br/></p></td>
</tr>
<tr>
    <td><a href="/user/foo">Foo!</a><br/>
    </td>
    <td><p>abcd<br/></p></td>
</tr>
<tr>
    <td><a href="/user/foo">Foo!</a><br/>
    </td>
    <td><p>abcd<br/></p></td>
</tr>
<tr>
    <td><a href="/user/foo">Foo!</a><br/>
    </td>
    <td><p>abcd<br/></p></td>
</tr>
<tr>
    <td><a href="/user/foo">Foo!</a><br/>
    </td>
    <td><p>abcd<br/></p></td>
</tr>
<tr>
    <td><a href="/user/foo">Foo!</a><br/>
    </td>
    <td><p>abcd<br/></p></td>
</tr>
<tr>
    <td><a href="/user/foo">Foo!</a><br/>
    </td>
    <td><p>abcd<br/></p></td>
</tr>
<tr>
    <td><a href="/user/foo">Foo!</a><br/>
    </td>
    <td><p>abcd<br/></p></td>
</tr>
<tr>
    <td><a href="/user/foo">Foo!</a><br/>
    </td>
    <td><p>abcd<br/></p></td>
</tr>
<tr>
    <td><a href="/user/foo">Foo!</a><br/>
    </td>
    <td><p>abcd<br/></p></td>
</tr>
<tr>
    <td><a href="/user/foo">Foo!</a><br/>
    </td>
    <td><p>abcd<br/></p></td>
</tr>
<tr>
    <td><a href="/user/foo">Foo!</a><br/>
    </td>
    <td><p>abcd<br/></p></td>
</tr>
<tr>
    <td><a href="/user/foo">Foo!</a><br/>
    </td>
    <td><p>abcd<br/></p></td>
</tr>
<tr>
    <td><a href="/user/foo">Foo!</a><br/>
    </td>
    <td><p>abcd<br/></p></td>
</tr>
<tr>
    <td><a href="/user/foo">Foo!</a><br/>
    </td>
    <td><p>abcd<br/></p></td>
</tr>
<tr>
    <td><a href="/user/foo">Foo!</a><br/>
    </td>
    <td><p>abcd<br/></p></td>
</tr>
<tr>
    <td><a href="/user/foo">Foo!</a><br/>
    </td>
    <td><p>abcd<br/></p></td>
</tr>
<tr>
    <td><a href="/user/foo">Foo!</a><br/>
    </td>
    <td><p>abcd<br/></p></td>
</tr>
<tr>
    <td><a href="/user/foo">Foo!</a><br/>
    </td>
    <td><p>abcd<br/></p></td>
</tr>
<tr>
    <td><a href="/user/foo">Foo!</a><br/>
    </td>
    <td><p>abcd<br/></p></td>
</tr>
<tr>
    <td><a href="/user/foo">Foo!</a><br/>
    </td>
    <td><p>abcd<br/></p></td>
</tr>
<tr>
    <td><a href="/user/foo">Foo!</a><br/>
    </td>
    <td><p>abcd<br/></p></td>
</tr>
<tr>
    <td><a href="/user/foo">Foo!</a><br/>
    </td>
    <td><p>abcd<br/></p></td>
</tr>
<tr>
    <td><a href="/user/foo">Foo!</a><br/>
    </td>
    <td><p>abcd<br/></p></td>
</tr>
<tr>
    <td><a href="/user/foo">Foo!</a><br/>
    </td>
    <td><p>abcd<br/></p></td>
</tr>
<tr>
    <td><a href="/user/foo">Foo!</a><br/>
    </td>
    <td><p>abcd<br/></p></td>
</tr>
<tr>
    <td><a href="/user/foo">Foo!</a><br/>
    </td>
    <td><p>abcd<br/></p></td>
</tr>
<tr>
    <td><a href="/user/foo">Foo!</a><br/>
    </td>
    <td><p>abcd<br/></p></td>
</tr>
<tr>
    <td><a href="/user/foo">Foo!</a><br/>
    </td>
    <td><p>abcd<br/></p></td>
</tr>
<tr>
    <td><a href="/user/foo">Foo!</a><br/>
    </td>
    <td><p>abcd<br/></p></td>
</tr>
<tr>
    <td><a href="/user/foo">Foo!</a><br/>
    </td>
    <td><p>abcd<br/></p></td>
</tr>
<tr>
    <td><a href="/user/foo">Foo!</a><br/>
    </td>
    <td><p>abcd<br/></p></td>
</tr>
<tr>
    <td><a href="/user/foo">Foo!</a><br/>
    </td>
    <td><p>abcd<br/></p></td>
</tr>
<tr>
    <td><a href="/user/foo">Foo!</a><br/>
    </td>
    <td><p>abcd<br/></p></td>
</tr>

        </tbody>
    </table>
</section>

        </div>
    </section>
</main>
</body>
</html>