spawn ../../../challenge_program/bin/powerbroker -i ../../../challenge_program/data/nyc/nyc.id
Loaded id: id: nyc
p: 11180510381699803188148670656873557408341871813236295825761162705921432370422145289961723565869814389599834322433334435306525963306491414142178858985856469 q: 12729288918291096898516781676355808914201117479854397090626394544947803881968857184583972933637799609067951711431812408331192967742285263399981468965090739
PowerBroker> begin ../../../examples/connectionlist2.txt profile_negativeusage.jso n
Problem processing command: Usage cannot be less than 0, but is: -10
PowerBroker> begin ../../../examples/connectionlist2.txt profile_negativebudget.js on
GenerationPlan:
Allocated: 
	generator2 Amount: 5 Divisible: true Total Cost: 25
	generator1 Amount: 5 Divisible: true Total Cost: 25
Excess: 
	generator1 Amount: 15 Divisible: true Total Cost: 75
Total power allocated: 10
Total required power: 10
Cost to generate: 50
Problem processing command: budget cannot be < 0, is -20
PowerBroker> begin ../../../examples/connectionlist2.txt profile_negativegeneratio n.json
Problem processing command: capacity cannot be < 0, is -20
PowerBroker> begin ../../../examples/connectionlist2.txt profile_negativecost.json 
Problem processing command: cost per unit cannot be < 0, is -5
PowerBroker> exit
Goodbye

