97.10.26 17:05 B c:\244\sample\route\autogen_route.html --> ic.eecs.berkeley.edu /vol/theseus/theseus0/www/htdocs/HomePages/awrixon/route autogen_route.html
97.10.26 17:05 B c:\244\sample\route\EDIFParser.class --> ic.eecs.berkeley.edu /vol/theseus/theseus0/www/htdocs/HomePages/awrixon/route EDIFParser.class
97.10.26 17:05 B c:\244\sample\route\EDIFParser.java --> ic.eecs.berkeley.edu /vol/theseus/theseus0/www/htdocs/HomePages/awrixon/route EDIFParser.java
97.10.26 17:05 B c:\244\sample\route\guide-code.java --> ic.eecs.berkeley.edu /vol/theseus/theseus0/www/htdocs/HomePages/awrixon/route guide-code.java
97.10.26 17:05 B c:\244\sample\route\ListNode.class --> ic.eecs.berkeley.edu /vol/theseus/theseus0/www/htdocs/HomePages/awrixon/route ListNode.class
97.10.26 17:05 B c:\244\sample\route\listnode.java --> ic.eecs.berkeley.edu /vol/theseus/theseus0/www/htdocs/HomePages/awrixon/route listnode.java
97.10.26 17:05 B c:\244\sample\route\route.cdb --> ic.eecs.berkeley.edu /vol/theseus/theseus0/www/htdocs/HomePages/awrixon/route route.cdb
97.10.26 17:05 B c:\244\sample\route\route.ve2 --> ic.eecs.berkeley.edu /vol/theseus/theseus0/www/htdocs/HomePages/awrixon/route route.ve2
97.10.26 17:05 B c:\244\sample\route\route.vep --> ic.eecs.berkeley.edu /vol/theseus/theseus0/www/htdocs/HomePages/awrixon/route route.vep
97.10.26 17:05 B c:\244\sample\route\route.vpj --> ic.eecs.berkeley.edu /vol/theseus/theseus0/www/htdocs/HomePages/awrixon/route route.vpj
97.10.26 17:05 B c:\244\sample\route\RoutedEdge.java --> ic.eecs.berkeley.edu /vol/theseus/theseus0/www/htdocs/HomePages/awrixon/route RoutedEdge.java
97.10.26 17:05 B c:\244\sample\route\SimpleRouter.class --> ic.eecs.berkeley.edu /vol/theseus/theseus0/www/htdocs/HomePages/awrixon/route SimpleRouter.class
97.10.26 17:05 B c:\244\sample\route\SimpleRouter.html --> ic.eecs.berkeley.edu /vol/theseus/theseus0/www/htdocs/HomePages/awrixon/route SimpleRouter.html
97.10.26 17:05 B c:\244\sample\route\SimpleRouter.java --> ic.eecs.berkeley.edu /vol/theseus/theseus0/www/htdocs/HomePages/awrixon/route SimpleRouter.java
97.10.26 17:24 B c:\244\sample\route\autogen_route.html --> ic.eecs.berkeley.edu /vol/theseus/theseus0/www/htdocs/HomePages/awrixon/route autogen_route.html
97.10.26 17:24 B c:\244\sample\route\EDIFParser.class --> ic.eecs.berkeley.edu /vol/theseus/theseus0/www/htdocs/HomePages/awrixon/route EDIFParser.class
97.10.26 17:24 B c:\244\sample\route\EDIFParser.java --> ic.eecs.berkeley.edu /vol/theseus/theseus0/www/htdocs/HomePages/awrixon/route EDIFParser.java
97.10.26 17:24 B c:\244\sample\route\guide-code.java --> ic.eecs.berkeley.edu /vol/theseus/theseus0/www/htdocs/HomePages/awrixon/route guide-code.java
97.10.26 17:24 B c:\244\sample\route\ListNode.class --> ic.eecs.berkeley.edu /vol/theseus/theseus0/www/htdocs/HomePages/awrixon/route ListNode.class
97.10.26 17:24 B c:\244\sample\route\listnode.java --> ic.eecs.berkeley.edu /vol/theseus/theseus0/www/htdocs/HomePages/awrixon/route listnode.java
97.10.26 17:24 B c:\244\sample\route\route.cdb --> ic.eecs.berkeley.edu /vol/theseus/theseus0/www/htdocs/HomePages/awrixon/route route.cdb
97.10.26 17:24 B c:\244\sample\route\route.ve2 --> ic.eecs.berkeley.edu /vol/theseus/theseus0/www/htdocs/HomePages/awrixon/route route.ve2
97.10.26 17:24 B c:\244\sample\route\route.vep --> ic.eecs.berkeley.edu /vol/theseus/theseus0/www/htdocs/HomePages/awrixon/route route.vep
97.10.26 17:24 B c:\244\sample\route\route.vpj --> ic.eecs.berkeley.edu /vol/theseus/theseus0/www/htdocs/HomePages/awrixon/route route.vpj
97.10.26 17:24 B c:\244\sample\route\RoutedEdge.java --> ic.eecs.berkeley.edu /vol/theseus/theseus0/www/htdocs/HomePages/awrixon/route RoutedEdge.java
97.10.26 17:24 B c:\244\sample\route\SimpleRouter.class --> ic.eecs.berkeley.edu /vol/theseus/theseus0/www/htdocs/HomePages/awrixon/route SimpleRouter.class
97.10.26 17:24 B c:\244\sample\route\SimpleRouter.html --> ic.eecs.berkeley.edu /vol/theseus/theseus0/www/htdocs/HomePages/awrixon/route SimpleRouter.html
97.10.26 17:24 B c:\244\sample\route\SimpleRouter.java --> ic.eecs.berkeley.edu /vol/theseus/theseus0/www/htdocs/HomePages/awrixon/route SimpleRouter.java
