97.10.26 17:06 B c:\244\sample\route\graph\animation\AnimationAction.class --> ic.eecs.berkeley.edu /vol/theseus/theseus0/www/htdocs/HomePages/awrixon/route/graph/animation AnimationAction.class
97.10.26 17:06 B c:\244\sample\route\graph\animation\AnimationAction.java --> ic.eecs.berkeley.edu /vol/theseus/theseus0/www/htdocs/HomePages/awrixon/route/graph/animation AnimationAction.java
97.10.26 17:06 B c:\244\sample\route\graph\animation\AnimationManager.class --> ic.eecs.berkeley.edu /vol/theseus/theseus0/www/htdocs/HomePages/awrixon/route/graph/animation AnimationManager.class
97.10.26 17:06 B c:\244\sample\route\graph\animation\AnimationManager.java --> ic.eecs.berkeley.edu /vol/theseus/theseus0/www/htdocs/HomePages/awrixon/route/graph/animation AnimationManager.java
97.10.26 17:06 B c:\244\sample\route\graph\animation\Animator.class --> ic.eecs.berkeley.edu /vol/theseus/theseus0/www/htdocs/HomePages/awrixon/route/graph/animation Animator.class
97.10.26 17:06 B c:\244\sample\route\graph\animation\Animator.java --> ic.eecs.berkeley.edu /vol/theseus/theseus0/www/htdocs/HomePages/awrixon/route/graph/animation Animator.java
97.10.26 17:06 B c:\244\sample\route\graph\animation\FadeAction.class --> ic.eecs.berkeley.edu /vol/theseus/theseus0/www/htdocs/HomePages/awrixon/route/graph/animation FadeAction.class
97.10.26 17:06 B c:\244\sample\route\graph\animation\FadeAction.java --> ic.eecs.berkeley.edu /vol/theseus/theseus0/www/htdocs/HomePages/awrixon/route/graph/animation FadeAction.java
97.10.26 17:06 B c:\244\sample\route\graph\animation\FlashAction.class --> ic.eecs.berkeley.edu /vol/theseus/theseus0/www/htdocs/HomePages/awrixon/route/graph/animation FlashAction.class
97.10.26 17:06 B c:\244\sample\route\graph\animation\FlashAction.java --> ic.eecs.berkeley.edu /vol/theseus/theseus0/www/htdocs/HomePages/awrixon/route/graph/animation FlashAction.java
97.10.26 17:06 B c:\244\sample\route\graph\animation\MoveAction.class --> ic.eecs.berkeley.edu /vol/theseus/theseus0/www/htdocs/HomePages/awrixon/route/graph/animation MoveAction.class
97.10.26 17:06 B c:\244\sample\route\graph\animation\MoveAction.java --> ic.eecs.berkeley.edu /vol/theseus/theseus0/www/htdocs/HomePages/awrixon/route/graph/animation MoveAction.java
97.10.26 17:06 B c:\244\sample\route\graph\animation\ScaleAction.class --> ic.eecs.berkeley.edu /vol/theseus/theseus0/www/htdocs/HomePages/awrixon/route/graph/animation ScaleAction.class
97.10.26 17:06 B c:\244\sample\route\graph\animation\ScaleAction.java --> ic.eecs.berkeley.edu /vol/theseus/theseus0/www/htdocs/HomePages/awrixon/route/graph/animation ScaleAction.java
97.10.26 17:25 B c:\244\sample\route\graph\animation\AnimationAction.class --> ic.eecs.berkeley.edu /vol/theseus/theseus0/www/htdocs/HomePages/awrixon/route/graph/animation AnimationAction.class
97.10.26 17:25 B c:\244\sample\route\graph\animation\AnimationAction.java --> ic.eecs.berkeley.edu /vol/theseus/theseus0/www/htdocs/HomePages/awrixon/route/graph/animation AnimationAction.java
97.10.26 17:25 B c:\244\sample\route\graph\animation\AnimationManager.class --> ic.eecs.berkeley.edu /vol/theseus/theseus0/www/htdocs/HomePages/awrixon/route/graph/animation AnimationManager.class
97.10.26 17:25 B c:\244\sample\route\graph\animation\AnimationManager.java --> ic.eecs.berkeley.edu /vol/theseus/theseus0/www/htdocs/HomePages/awrixon/route/graph/animation AnimationManager.java
97.10.26 17:25 B c:\244\sample\route\graph\animation\Animator.class --> ic.eecs.berkeley.edu /vol/theseus/theseus0/www/htdocs/HomePages/awrixon/route/graph/animation Animator.class
97.10.26 17:25 B c:\244\sample\route\graph\animation\Animator.java --> ic.eecs.berkeley.edu /vol/theseus/theseus0/www/htdocs/HomePages/awrixon/route/graph/animation Animator.java
97.10.26 17:25 B c:\244\sample\route\graph\animation\FadeAction.class --> ic.eecs.berkeley.edu /vol/theseus/theseus0/www/htdocs/HomePages/awrixon/route/graph/animation FadeAction.class
97.10.26 17:25 B c:\244\sample\route\graph\animation\FadeAction.java --> ic.eecs.berkeley.edu /vol/theseus/theseus0/www/htdocs/HomePages/awrixon/route/graph/animation FadeAction.java
97.10.26 17:25 B c:\244\sample\route\graph\animation\FlashAction.class --> ic.eecs.berkeley.edu /vol/theseus/theseus0/www/htdocs/HomePages/awrixon/route/graph/animation FlashAction.class
97.10.26 17:25 B c:\244\sample\route\graph\animation\FlashAction.java --> ic.eecs.berkeley.edu /vol/theseus/theseus0/www/htdocs/HomePages/awrixon/route/graph/animation FlashAction.java
97.10.26 17:25 B c:\244\sample\route\graph\animation\MoveAction.class --> ic.eecs.berkeley.edu /vol/theseus/theseus0/www/htdocs/HomePages/awrixon/route/graph/animation MoveAction.class
97.10.26 17:25 B c:\244\sample\route\graph\animation\MoveAction.java --> ic.eecs.berkeley.edu /vol/theseus/theseus0/www/htdocs/HomePages/awrixon/route/graph/animation MoveAction.java
97.10.26 17:25 B c:\244\sample\route\graph\animation\ScaleAction.class --> ic.eecs.berkeley.edu /vol/theseus/theseus0/www/htdocs/HomePages/awrixon/route/graph/animation ScaleAction.class
97.10.26 17:25 B c:\244\sample\route\graph\animation\ScaleAction.java --> ic.eecs.berkeley.edu /vol/theseus/theseus0/www/htdocs/HomePages/awrixon/route/graph/animation ScaleAction.java
