97.10.26 17:06 B c:\244\sample\route\graph\layout\ComposeLayout.class --> ic.eecs.berkeley.edu /vol/theseus/theseus0/www/htdocs/HomePages/awrixon/route/graph/layout ComposeLayout.class
97.10.26 17:06 B c:\244\sample\route\graph\layout\ComposeLayout.java --> ic.eecs.berkeley.edu /vol/theseus/theseus0/www/htdocs/HomePages/awrixon/route/graph/layout ComposeLayout.java
97.10.26 17:06 B c:\244\sample\route\graph\layout\DummyEdge.class --> ic.eecs.berkeley.edu /vol/theseus/theseus0/www/htdocs/HomePages/awrixon/route/graph/layout DummyEdge.class
97.10.26 17:06 B c:\244\sample\route\graph\layout\DummyEdge.java --> ic.eecs.berkeley.edu /vol/theseus/theseus0/www/htdocs/HomePages/awrixon/route/graph/layout DummyEdge.java
97.10.26 17:06 B c:\244\sample\route\graph\layout\DummyNode.class --> ic.eecs.berkeley.edu /vol/theseus/theseus0/www/htdocs/HomePages/awrixon/route/graph/layout DummyNode.class
97.10.26 17:06 B c:\244\sample\route\graph\layout\DummyNode.java --> ic.eecs.berkeley.edu /vol/theseus/theseus0/www/htdocs/HomePages/awrixon/route/graph/layout DummyNode.java
97.10.26 17:06 B c:\244\sample\route\graph\layout\ForceAttr.class --> ic.eecs.berkeley.edu /vol/theseus/theseus0/www/htdocs/HomePages/awrixon/route/graph/layout ForceAttr.class
97.10.26 17:06 B c:\244\sample\route\graph\layout\ForceAttr.java --> ic.eecs.berkeley.edu /vol/theseus/theseus0/www/htdocs/HomePages/awrixon/route/graph/layout ForceAttr.java
97.10.26 17:06 B c:\244\sample\route\graph\layout\ForceDirect.class --> ic.eecs.berkeley.edu /vol/theseus/theseus0/www/htdocs/HomePages/awrixon/route/graph/layout ForceDirect.class
97.10.26 17:06 B c:\244\sample\route\graph\layout\ForceDirect.java --> ic.eecs.berkeley.edu /vol/theseus/theseus0/www/htdocs/HomePages/awrixon/route/graph/layout ForceDirect.java
97.10.26 17:06 B c:\244\sample\route\graph\layout\ForceLayout.class --> ic.eecs.berkeley.edu /vol/theseus/theseus0/www/htdocs/HomePages/awrixon/route/graph/layout ForceLayout.class
97.10.26 17:06 B c:\244\sample\route\graph\layout\ForceLayout.java --> ic.eecs.berkeley.edu /vol/theseus/theseus0/www/htdocs/HomePages/awrixon/route/graph/layout ForceLayout.java
97.10.26 17:06 B c:\244\sample\route\graph\layout\FrameLayout.class --> ic.eecs.berkeley.edu /vol/theseus/theseus0/www/htdocs/HomePages/awrixon/route/graph/layout FrameLayout.class
97.10.26 17:06 B c:\244\sample\route\graph\layout\FrameLayout.java --> ic.eecs.berkeley.edu /vol/theseus/theseus0/www/htdocs/HomePages/awrixon/route/graph/layout FrameLayout.java
97.10.26 17:06 B c:\244\sample\route\graph\layout\LevelInfo.class --> ic.eecs.berkeley.edu /vol/theseus/theseus0/www/htdocs/HomePages/awrixon/route/graph/layout LevelInfo.class
97.10.26 17:06 B c:\244\sample\route\graph\layout\LevelLayout.class --> ic.eecs.berkeley.edu /vol/theseus/theseus0/www/htdocs/HomePages/awrixon/route/graph/layout LevelLayout.class
97.10.26 17:06 B c:\244\sample\route\graph\layout\LevelLayout.java --> ic.eecs.berkeley.edu /vol/theseus/theseus0/www/htdocs/HomePages/awrixon/route/graph/layout LevelLayout.java
97.10.26 17:06 B c:\244\sample\route\graph\layout\MovementTrail.class --> ic.eecs.berkeley.edu /vol/theseus/theseus0/www/htdocs/HomePages/awrixon/route/graph/layout MovementTrail.class
97.10.26 17:06 B c:\244\sample\route\graph\layout\RandomLayout.class --> ic.eecs.berkeley.edu /vol/theseus/theseus0/www/htdocs/HomePages/awrixon/route/graph/layout RandomLayout.class
97.10.26 17:06 B c:\244\sample\route\graph\layout\RandomLayout.java --> ic.eecs.berkeley.edu /vol/theseus/theseus0/www/htdocs/HomePages/awrixon/route/graph/layout RandomLayout.java
97.10.26 17:25 B c:\244\sample\route\graph\layout\ComposeLayout.class --> ic.eecs.berkeley.edu /vol/theseus/theseus0/www/htdocs/HomePages/awrixon/route/graph/layout ComposeLayout.class
97.10.26 17:25 B c:\244\sample\route\graph\layout\ComposeLayout.java --> ic.eecs.berkeley.edu /vol/theseus/theseus0/www/htdocs/HomePages/awrixon/route/graph/layout ComposeLayout.java
97.10.26 17:25 B c:\244\sample\route\graph\layout\DummyEdge.class --> ic.eecs.berkeley.edu /vol/theseus/theseus0/www/htdocs/HomePages/awrixon/route/graph/layout DummyEdge.class
97.10.26 17:25 B c:\244\sample\route\graph\layout\DummyEdge.java --> ic.eecs.berkeley.edu /vol/theseus/theseus0/www/htdocs/HomePages/awrixon/route/graph/layout DummyEdge.java
97.10.26 17:25 B c:\244\sample\route\graph\layout\DummyNode.class --> ic.eecs.berkeley.edu /vol/theseus/theseus0/www/htdocs/HomePages/awrixon/route/graph/layout DummyNode.class
97.10.26 17:25 B c:\244\sample\route\graph\layout\DummyNode.java --> ic.eecs.berkeley.edu /vol/theseus/theseus0/www/htdocs/HomePages/awrixon/route/graph/layout DummyNode.java
97.10.26 17:25 B c:\244\sample\route\graph\layout\ForceAttr.class --> ic.eecs.berkeley.edu /vol/theseus/theseus0/www/htdocs/HomePages/awrixon/route/graph/layout ForceAttr.class
97.10.26 17:25 B c:\244\sample\route\graph\layout\ForceAttr.java --> ic.eecs.berkeley.edu /vol/theseus/theseus0/www/htdocs/HomePages/awrixon/route/graph/layout ForceAttr.java
97.10.26 17:25 B c:\244\sample\route\graph\layout\ForceDirect.class --> ic.eecs.berkeley.edu /vol/theseus/theseus0/www/htdocs/HomePages/awrixon/route/graph/layout ForceDirect.class
97.10.26 17:25 B c:\244\sample\route\graph\layout\ForceDirect.java --> ic.eecs.berkeley.edu /vol/theseus/theseus0/www/htdocs/HomePages/awrixon/route/graph/layout ForceDirect.java
97.10.26 17:25 B c:\244\sample\route\graph\layout\ForceLayout.class --> ic.eecs.berkeley.edu /vol/theseus/theseus0/www/htdocs/HomePages/awrixon/route/graph/layout ForceLayout.class
97.10.26 17:25 B c:\244\sample\route\graph\layout\ForceLayout.java --> ic.eecs.berkeley.edu /vol/theseus/theseus0/www/htdocs/HomePages/awrixon/route/graph/layout ForceLayout.java
97.10.26 17:25 B c:\244\sample\route\graph\layout\FrameLayout.class --> ic.eecs.berkeley.edu /vol/theseus/theseus0/www/htdocs/HomePages/awrixon/route/graph/layout FrameLayout.class
97.10.26 17:25 B c:\244\sample\route\graph\layout\FrameLayout.java --> ic.eecs.berkeley.edu /vol/theseus/theseus0/www/htdocs/HomePages/awrixon/route/graph/layout FrameLayout.java
97.10.26 17:25 B c:\244\sample\route\graph\layout\LevelInfo.class --> ic.eecs.berkeley.edu /vol/theseus/theseus0/www/htdocs/HomePages/awrixon/route/graph/layout LevelInfo.class
97.10.26 17:25 B c:\244\sample\route\graph\layout\LevelLayout.class --> ic.eecs.berkeley.edu /vol/theseus/theseus0/www/htdocs/HomePages/awrixon/route/graph/layout LevelLayout.class
97.10.26 17:25 B c:\244\sample\route\graph\layout\LevelLayout.java --> ic.eecs.berkeley.edu /vol/theseus/theseus0/www/htdocs/HomePages/awrixon/route/graph/layout LevelLayout.java
97.10.26 17:25 B c:\244\sample\route\graph\layout\MovementTrail.class --> ic.eecs.berkeley.edu /vol/theseus/theseus0/www/htdocs/HomePages/awrixon/route/graph/layout MovementTrail.class
97.10.26 17:25 B c:\244\sample\route\graph\layout\RandomLayout.class --> ic.eecs.berkeley.edu /vol/theseus/theseus0/www/htdocs/HomePages/awrixon/route/graph/layout RandomLayout.class
97.10.26 17:25 B c:\244\sample\route\graph\layout\RandomLayout.java --> ic.eecs.berkeley.edu /vol/theseus/theseus0/www/htdocs/HomePages/awrixon/route/graph/layout RandomLayout.java
