97.10.26 17:06 B c:\244\sample\route\graph\Action.class --> ic.eecs.berkeley.edu /vol/theseus/theseus0/www/htdocs/HomePages/awrixon/route/graph Action.class
97.10.26 17:06 B c:\244\sample\route\graph\Action.java --> ic.eecs.berkeley.edu /vol/theseus/theseus0/www/htdocs/HomePages/awrixon/route/graph Action.java
97.10.26 17:06 B c:\244\sample\route\graph\AdjacencyMatrix.class --> ic.eecs.berkeley.edu /vol/theseus/theseus0/www/htdocs/HomePages/awrixon/route/graph AdjacencyMatrix.class
97.10.26 17:06 B c:\244\sample\route\graph\AdjacencyMatrix.java --> ic.eecs.berkeley.edu /vol/theseus/theseus0/www/htdocs/HomePages/awrixon/route/graph AdjacencyMatrix.java
97.10.26 17:06 B c:\244\sample\route\graph\AdjacencyParser.class --> ic.eecs.berkeley.edu /vol/theseus/theseus0/www/htdocs/HomePages/awrixon/route/graph AdjacencyParser.class
97.10.26 17:06 B c:\244\sample\route\graph\AdjacencyParser.java --> ic.eecs.berkeley.edu /vol/theseus/theseus0/www/htdocs/HomePages/awrixon/route/graph AdjacencyParser.java
97.10.26 17:06 B c:\244\sample\route\graph\AttributeManager.class --> ic.eecs.berkeley.edu /vol/theseus/theseus0/www/htdocs/HomePages/awrixon/route/graph AttributeManager.class
97.10.26 17:06 B c:\244\sample\route\graph\AttributeManager.java --> ic.eecs.berkeley.edu /vol/theseus/theseus0/www/htdocs/HomePages/awrixon/route/graph AttributeManager.java
97.10.26 17:06 B c:\244\sample\route\graph\BRSException.java --> ic.eecs.berkeley.edu /vol/theseus/theseus0/www/htdocs/HomePages/awrixon/route/graph BRSException.java
97.10.26 17:06 B c:\244\sample\route\graph\DFSAction.class --> ic.eecs.berkeley.edu /vol/theseus/theseus0/www/htdocs/HomePages/awrixon/route/graph DFSAction.class
97.10.26 17:06 B c:\244\sample\route\graph\DFSAction.java --> ic.eecs.berkeley.edu /vol/theseus/theseus0/www/htdocs/HomePages/awrixon/route/graph DFSAction.java
97.10.26 17:06 B c:\244\sample\route\graph\Edge.class --> ic.eecs.berkeley.edu /vol/theseus/theseus0/www/htdocs/HomePages/awrixon/route/graph Edge.class
97.10.26 17:06 B c:\244\sample\route\graph\Edge.java --> ic.eecs.berkeley.edu /vol/theseus/theseus0/www/htdocs/HomePages/awrixon/route/graph Edge.java
97.10.26 17:06 B c:\244\sample\route\graph\Element.class --> ic.eecs.berkeley.edu /vol/theseus/theseus0/www/htdocs/HomePages/awrixon/route/graph Element.class
97.10.26 17:06 B c:\244\sample\route\graph\Element.java --> ic.eecs.berkeley.edu /vol/theseus/theseus0/www/htdocs/HomePages/awrixon/route/graph Element.java
97.10.26 17:06 B c:\244\sample\route\graph\FileFormatException.class --> ic.eecs.berkeley.edu /vol/theseus/theseus0/www/htdocs/HomePages/awrixon/route/graph FileFormatException.class
97.10.26 17:06 B c:\244\sample\route\graph\FileFormatException.java --> ic.eecs.berkeley.edu /vol/theseus/theseus0/www/htdocs/HomePages/awrixon/route/graph FileFormatException.java
97.10.26 17:06 B c:\244\sample\route\graph\FooAction.class --> ic.eecs.berkeley.edu /vol/theseus/theseus0/www/htdocs/HomePages/awrixon/route/graph FooAction.class
97.10.26 17:06 B c:\244\sample\route\graph\Graph.class --> ic.eecs.berkeley.edu /vol/theseus/theseus0/www/htdocs/HomePages/awrixon/route/graph Graph.class
97.10.26 17:06 B c:\244\sample\route\graph\Graph.java --> ic.eecs.berkeley.edu /vol/theseus/theseus0/www/htdocs/HomePages/awrixon/route/graph Graph.java
97.10.26 17:06 B c:\244\sample\route\graph\GraphException.class --> ic.eecs.berkeley.edu /vol/theseus/theseus0/www/htdocs/HomePages/awrixon/route/graph GraphException.class
97.10.26 17:06 B c:\244\sample\route\graph\GraphException.java --> ic.eecs.berkeley.edu /vol/theseus/theseus0/www/htdocs/HomePages/awrixon/route/graph GraphException.java
97.10.26 17:06 B c:\244\sample\route\graph\Matrix.class --> ic.eecs.berkeley.edu /vol/theseus/theseus0/www/htdocs/HomePages/awrixon/route/graph Matrix.class
97.10.26 17:06 B c:\244\sample\route\graph\Matrix.java --> ic.eecs.berkeley.edu /vol/theseus/theseus0/www/htdocs/HomePages/awrixon/route/graph Matrix.java
97.10.26 17:06 B c:\244\sample\route\graph\Node.class --> ic.eecs.berkeley.edu /vol/theseus/theseus0/www/htdocs/HomePages/awrixon/route/graph Node.class
97.10.26 17:06 B c:\244\sample\route\graph\Node.java --> ic.eecs.berkeley.edu /vol/theseus/theseus0/www/htdocs/HomePages/awrixon/route/graph Node.java
97.10.26 17:06 B c:\244\sample\route\graph\Painter.class --> ic.eecs.berkeley.edu /vol/theseus/theseus0/www/htdocs/HomePages/awrixon/route/graph Painter.class
97.10.26 17:06 B c:\244\sample\route\graph\Painter.java --> ic.eecs.berkeley.edu /vol/theseus/theseus0/www/htdocs/HomePages/awrixon/route/graph Painter.java
97.10.26 17:06 B c:\244\sample\route\graph\Path.class --> ic.eecs.berkeley.edu /vol/theseus/theseus0/www/htdocs/HomePages/awrixon/route/graph Path.class
97.10.26 17:06 B c:\244\sample\route\graph\Path.java --> ic.eecs.berkeley.edu /vol/theseus/theseus0/www/htdocs/HomePages/awrixon/route/graph Path.java
97.10.26 17:24 B c:\244\sample\route\graph\Action.class --> ic.eecs.berkeley.edu /vol/theseus/theseus0/www/htdocs/HomePages/awrixon/route/graph Action.class
97.10.26 17:24 B c:\244\sample\route\graph\Action.java --> ic.eecs.berkeley.edu /vol/theseus/theseus0/www/htdocs/HomePages/awrixon/route/graph Action.java
97.10.26 17:24 B c:\244\sample\route\graph\AdjacencyMatrix.class --> ic.eecs.berkeley.edu /vol/theseus/theseus0/www/htdocs/HomePages/awrixon/route/graph AdjacencyMatrix.class
97.10.26 17:24 B c:\244\sample\route\graph\AdjacencyMatrix.java --> ic.eecs.berkeley.edu /vol/theseus/theseus0/www/htdocs/HomePages/awrixon/route/graph AdjacencyMatrix.java
97.10.26 17:24 B c:\244\sample\route\graph\AdjacencyParser.class --> ic.eecs.berkeley.edu /vol/theseus/theseus0/www/htdocs/HomePages/awrixon/route/graph AdjacencyParser.class
97.10.26 17:24 B c:\244\sample\route\graph\AdjacencyParser.java --> ic.eecs.berkeley.edu /vol/theseus/theseus0/www/htdocs/HomePages/awrixon/route/graph AdjacencyParser.java
97.10.26 17:24 B c:\244\sample\route\graph\AttributeManager.class --> ic.eecs.berkeley.edu /vol/theseus/theseus0/www/htdocs/HomePages/awrixon/route/graph AttributeManager.class
97.10.26 17:24 B c:\244\sample\route\graph\AttributeManager.java --> ic.eecs.berkeley.edu /vol/theseus/theseus0/www/htdocs/HomePages/awrixon/route/graph AttributeManager.java
97.10.26 17:24 B c:\244\sample\route\graph\BRSException.java --> ic.eecs.berkeley.edu /vol/theseus/theseus0/www/htdocs/HomePages/awrixon/route/graph BRSException.java
97.10.26 17:24 B c:\244\sample\route\graph\DFSAction.class --> ic.eecs.berkeley.edu /vol/theseus/theseus0/www/htdocs/HomePages/awrixon/route/graph DFSAction.class
97.10.26 17:24 B c:\244\sample\route\graph\DFSAction.java --> ic.eecs.berkeley.edu /vol/theseus/theseus0/www/htdocs/HomePages/awrixon/route/graph DFSAction.java
97.10.26 17:24 B c:\244\sample\route\graph\Edge.class --> ic.eecs.berkeley.edu /vol/theseus/theseus0/www/htdocs/HomePages/awrixon/route/graph Edge.class
97.10.26 17:24 B c:\244\sample\route\graph\Edge.java --> ic.eecs.berkeley.edu /vol/theseus/theseus0/www/htdocs/HomePages/awrixon/route/graph Edge.java
97.10.26 17:24 B c:\244\sample\route\graph\Element.class --> ic.eecs.berkeley.edu /vol/theseus/theseus0/www/htdocs/HomePages/awrixon/route/graph Element.class
97.10.26 17:25 B c:\244\sample\route\graph\Element.java --> ic.eecs.berkeley.edu /vol/theseus/theseus0/www/htdocs/HomePages/awrixon/route/graph Element.java
97.10.26 17:25 B c:\244\sample\route\graph\FileFormatException.class --> ic.eecs.berkeley.edu /vol/theseus/theseus0/www/htdocs/HomePages/awrixon/route/graph FileFormatException.class
97.10.26 17:25 B c:\244\sample\route\graph\FileFormatException.java --> ic.eecs.berkeley.edu /vol/theseus/theseus0/www/htdocs/HomePages/awrixon/route/graph FileFormatException.java
97.10.26 17:25 B c:\244\sample\route\graph\FooAction.class --> ic.eecs.berkeley.edu /vol/theseus/theseus0/www/htdocs/HomePages/awrixon/route/graph FooAction.class
97.10.26 17:25 B c:\244\sample\route\graph\Graph.class --> ic.eecs.berkeley.edu /vol/theseus/theseus0/www/htdocs/HomePages/awrixon/route/graph Graph.class
97.10.26 17:25 B c:\244\sample\route\graph\Graph.java --> ic.eecs.berkeley.edu /vol/theseus/theseus0/www/htdocs/HomePages/awrixon/route/graph Graph.java
97.10.26 17:25 B c:\244\sample\route\graph\GraphException.class --> ic.eecs.berkeley.edu /vol/theseus/theseus0/www/htdocs/HomePages/awrixon/route/graph GraphException.class
97.10.26 17:25 B c:\244\sample\route\graph\GraphException.java --> ic.eecs.berkeley.edu /vol/theseus/theseus0/www/htdocs/HomePages/awrixon/route/graph GraphException.java
97.10.26 17:25 B c:\244\sample\route\graph\Matrix.class --> ic.eecs.berkeley.edu /vol/theseus/theseus0/www/htdocs/HomePages/awrixon/route/graph Matrix.class
97.10.26 17:25 B c:\244\sample\route\graph\Matrix.java --> ic.eecs.berkeley.edu /vol/theseus/theseus0/www/htdocs/HomePages/awrixon/route/graph Matrix.java
97.10.26 17:25 B c:\244\sample\route\graph\Node.class --> ic.eecs.berkeley.edu /vol/theseus/theseus0/www/htdocs/HomePages/awrixon/route/graph Node.class
97.10.26 17:25 B c:\244\sample\route\graph\Node.java --> ic.eecs.berkeley.edu /vol/theseus/theseus0/www/htdocs/HomePages/awrixon/route/graph Node.java
97.10.26 17:25 B c:\244\sample\route\graph\Painter.class --> ic.eecs.berkeley.edu /vol/theseus/theseus0/www/htdocs/HomePages/awrixon/route/graph Painter.class
97.10.26 17:25 B c:\244\sample\route\graph\Painter.java --> ic.eecs.berkeley.edu /vol/theseus/theseus0/www/htdocs/HomePages/awrixon/route/graph Painter.java
97.10.26 17:25 B c:\244\sample\route\graph\Path.class --> ic.eecs.berkeley.edu /vol/theseus/theseus0/www/htdocs/HomePages/awrixon/route/graph Path.class
97.10.26 17:25 B c:\244\sample\route\graph\Path.java --> ic.eecs.berkeley.edu /vol/theseus/theseus0/www/htdocs/HomePages/awrixon/route/graph Path.java
