97.10.26 17:06 B c:\244\sample\route\graph\dot\DotFilter.class --> ic.eecs.berkeley.edu /vol/theseus/theseus0/www/htdocs/HomePages/awrixon/route/graph/dot DotFilter.class
97.10.26 17:06 B c:\244\sample\route\graph\dot\DotFilter.java --> ic.eecs.berkeley.edu /vol/theseus/theseus0/www/htdocs/HomePages/awrixon/route/graph/dot DotFilter.java
97.10.26 17:06 B c:\244\sample\route\graph\dot\DotInfo.class --> ic.eecs.berkeley.edu /vol/theseus/theseus0/www/htdocs/HomePages/awrixon/route/graph/dot DotInfo.class
97.10.26 17:06 B c:\244\sample\route\graph\dot\DotInfo.java --> ic.eecs.berkeley.edu /vol/theseus/theseus0/www/htdocs/HomePages/awrixon/route/graph/dot DotInfo.java
97.10.26 17:06 B c:\244\sample\route\graph\dot\DotParser.class --> ic.eecs.berkeley.edu /vol/theseus/theseus0/www/htdocs/HomePages/awrixon/route/graph/dot DotParser.class
97.10.26 17:06 B c:\244\sample\route\graph\dot\DotParser.java --> ic.eecs.berkeley.edu /vol/theseus/theseus0/www/htdocs/HomePages/awrixon/route/graph/dot DotParser.java
97.10.26 17:06 B c:\244\sample\route\graph\dot\DotWriter.class --> ic.eecs.berkeley.edu /vol/theseus/theseus0/www/htdocs/HomePages/awrixon/route/graph/dot DotWriter.class
97.10.26 17:06 B c:\244\sample\route\graph\dot\DotWriter.java --> ic.eecs.berkeley.edu /vol/theseus/theseus0/www/htdocs/HomePages/awrixon/route/graph/dot DotWriter.java
97.10.26 17:06 B c:\244\sample\route\graph\dot\moby.dot --> ic.eecs.berkeley.edu /vol/theseus/theseus0/www/htdocs/HomePages/awrixon/route/graph/dot moby.dot
97.10.26 17:06 B c:\244\sample\route\graph\dot\pmoby.dot --> ic.eecs.berkeley.edu /vol/theseus/theseus0/www/htdocs/HomePages/awrixon/route/graph/dot pmoby.dot
97.10.26 17:06 B c:\244\sample\route\graph\dot\ppm2way.dot --> ic.eecs.berkeley.edu /vol/theseus/theseus0/www/htdocs/HomePages/awrixon/route/graph/dot ppm2way.dot
97.10.26 17:25 B c:\244\sample\route\graph\dot\DotFilter.class --> ic.eecs.berkeley.edu /vol/theseus/theseus0/www/htdocs/HomePages/awrixon/route/graph/dot DotFilter.class
97.10.26 17:25 B c:\244\sample\route\graph\dot\DotFilter.java --> ic.eecs.berkeley.edu /vol/theseus/theseus0/www/htdocs/HomePages/awrixon/route/graph/dot DotFilter.java
97.10.26 17:25 B c:\244\sample\route\graph\dot\DotInfo.class --> ic.eecs.berkeley.edu /vol/theseus/theseus0/www/htdocs/HomePages/awrixon/route/graph/dot DotInfo.class
97.10.26 17:25 B c:\244\sample\route\graph\dot\DotInfo.java --> ic.eecs.berkeley.edu /vol/theseus/theseus0/www/htdocs/HomePages/awrixon/route/graph/dot DotInfo.java
97.10.26 17:25 B c:\244\sample\route\graph\dot\DotParser.class --> ic.eecs.berkeley.edu /vol/theseus/theseus0/www/htdocs/HomePages/awrixon/route/graph/dot DotParser.class
97.10.26 17:25 B c:\244\sample\route\graph\dot\DotParser.java --> ic.eecs.berkeley.edu /vol/theseus/theseus0/www/htdocs/HomePages/awrixon/route/graph/dot DotParser.java
97.10.26 17:25 B c:\244\sample\route\graph\dot\DotWriter.class --> ic.eecs.berkeley.edu /vol/theseus/theseus0/www/htdocs/HomePages/awrixon/route/graph/dot DotWriter.class
97.10.26 17:25 B c:\244\sample\route\graph\dot\DotWriter.java --> ic.eecs.berkeley.edu /vol/theseus/theseus0/www/htdocs/HomePages/awrixon/route/graph/dot DotWriter.java
97.10.26 17:25 B c:\244\sample\route\graph\dot\moby.dot --> ic.eecs.berkeley.edu /vol/theseus/theseus0/www/htdocs/HomePages/awrixon/route/graph/dot moby.dot
97.10.26 17:25 B c:\244\sample\route\graph\dot\pmoby.dot --> ic.eecs.berkeley.edu /vol/theseus/theseus0/www/htdocs/HomePages/awrixon/route/graph/dot pmoby.dot
97.10.26 17:25 B c:\244\sample\route\graph\dot\ppm2way.dot --> ic.eecs.berkeley.edu /vol/theseus/theseus0/www/htdocs/HomePages/awrixon/route/graph/dot ppm2way.dot
