Jan 26, 2016 5:52:57 PM distfilesys.system.Thread fileStream
INFO: Received file: lastaccess.log
Jan 26, 2016 5:52:57 PM distfilesys.system.Thread fileStream
INFO: Received file: lastaccess.log
Jan 26, 2016 5:52:57 PM distfilesys.system.Thread fileStream
INFO: Received file: lastaccess.log
Jan 26, 2016 5:52:57 PM distfilesys.system.Thread fileStream
INFO: Received file: lastaccess.log
Jan 26, 2016 5:52:57 PM distfilesys.system.Thread fileStream
INFO: Received file: insertkey.log
Jan 26, 2016 5:52:57 PM distfilesys.system.Thread fileStream
INFO: Received file: lastaccess.log
Jan 26, 2016 5:52:57 PM distfilesys.system.Thread fileStream
INFO: Received file: lastaccess.log
Jan 26, 2016 5:52:57 PM distfilesys.system.Thread fileStream
INFO: Received file: insertkey.log
Jan 26, 2016 5:52:57 PM distfilesys.system.Thread fileStream
INFO: Received file: lastaccess.log
Jan 26, 2016 5:52:57 PM distfilesys.system.Thread fileStream
INFO: Received file: lastaccess.log
Jan 26, 2016 5:52:57 PM distfilesys.system.Thread fileStream
INFO: Received file: insertkey.log
Jan 26, 2016 5:52:57 PM distfilesys.system.Thread fileStream
INFO: Received file: lastaccess.log
Jan 26, 2016 5:52:57 PM distfilesys.system.Thread fileStream
INFO: Received file: lastaccess.log
Jan 26, 2016 5:52:57 PM distfilesys.system.Thread fileStream
INFO: Received file: insertkey.log
Jan 26, 2016 5:52:57 PM distfilesys.system.Thread fileStream
INFO: Received file: lastaccess.log
Jan 26, 2016 5:52:57 PM distfilesys.system.Thread fileStream
INFO: Received file: lastaccess.log
Jan 26, 2016 5:52:57 PM distfilesys.system.Thread fileStream
INFO: Received file: insertkey.log
Jan 26, 2016 5:52:57 PM distfilesys.system.Thread fileStream
INFO: Received file: lastaccess.log
Jan 26, 2016 5:52:57 PM distfilesys.system.Thread fileStream
INFO: Received file: lastaccess.log
Jan 26, 2016 5:52:57 PM distfilesys.system.Thread fileStream
INFO: Received file: insertkey.log
Jan 26, 2016 5:52:57 PM distfilesys.system.Thread fileStream
INFO: Received file: lastaccess.log
Jan 26, 2016 5:52:57 PM distfilesys.system.Thread fileStream
INFO: Received file: lastaccess.log
Jan 26, 2016 5:52:57 PM distfilesys.system.Thread fileStream
INFO: Received file: lastaccess.log
Jan 26, 2016 5:52:58 PM distfilesys.system.Thread fileStream
INFO: Received file: lastaccess.log
Jan 26, 2016 5:52:58 PM distfilesys.system.Thread fileStream
INFO: Received file: lastaccess.log
Jan 26, 2016 5:52:58 PM distfilesys.system.Thread fileStream
INFO: Received file: lastaccess.log
Jan 26, 2016 5:52:58 PM distfilesys.system.Thread fileStream
INFO: Received file: lastaccess.log
Jan 26, 2016 5:52:58 PM distfilesys.system.Thread fileStream
INFO: Received file: lastaccess.log
Jan 26, 2016 5:52:58 PM distfilesys.system.Thread fileStream
INFO: Received file: insertkey.log
Jan 26, 2016 5:52:58 PM distfilesys.system.Thread fileStream
INFO: Received file: lastaccess.log
Jan 26, 2016 5:52:58 PM distfilesys.system.Thread fileStream
INFO: Received file: lastaccess.log
Jan 26, 2016 5:52:58 PM distfilesys.system.Thread fileStream
INFO: Received file: insertkey.log
Jan 26, 2016 5:52:58 PM distfilesys.system.Thread fileStream
INFO: Received file: lastaccess.log
Jan 26, 2016 5:52:58 PM distfilesys.system.Thread fileStream
INFO: Received file: lastaccess.log
Jan 26, 2016 5:52:58 PM distfilesys.system.Thread fileStream
INFO: Received file: insertkey.log
Jan 26, 2016 5:52:58 PM distfilesys.system.Thread fileStream
INFO: Received file: lastaccess.log
Jan 26, 2016 5:52:58 PM distfilesys.system.Thread fileStream
INFO: Received file: lastaccess.log
Jan 26, 2016 5:52:58 PM distfilesys.system.Thread fileStream
INFO: Received file: insertkey.log
Jan 26, 2016 5:52:58 PM distfilesys.system.Thread fileStream
INFO: Received file: lastaccess.log
Jan 26, 2016 5:52:58 PM distfilesys.system.Thread fileStream
INFO: Received file: lastaccess.log
Jan 26, 2016 5:52:58 PM distfilesys.system.Thread fileStream
INFO: Received file: lastaccess.log
Jan 26, 2016 5:52:58 PM distfilesys.system.Thread fileStream
INFO: Received file: lastaccess.log
Jan 26, 2016 5:52:58 PM distfilesys.system.Thread fileStream
INFO: Received file: lastaccess.log
Jan 26, 2016 5:52:59 PM distfilesys.system.Thread fileStream
INFO: Received file: lastaccess.log
Jan 26, 2016 5:52:59 PM distfilesys.system.Thread fileStream
INFO: Received file: lastaccess.log
Jan 26, 2016 5:52:59 PM distfilesys.system.Thread fileStream
INFO: Received file: lastaccess.log
Jan 26, 2016 5:52:59 PM distfilesys.system.Thread fileStream
INFO: Received file: insertkey.log
Jan 26, 2016 5:52:59 PM distfilesys.system.Thread fileStream
INFO: Received file: lastaccess.log
Jan 26, 2016 5:52:59 PM distfilesys.system.Thread fileStream
INFO: Received file: lastaccess.log
Jan 26, 2016 5:52:59 PM distfilesys.system.Thread fileStream
INFO: Received file: insertkey.log
Jan 26, 2016 5:52:59 PM distfilesys.system.Thread fileStream
INFO: Received file: lastaccess.log
Jan 26, 2016 5:52:59 PM distfilesys.system.Thread fileStream
INFO: Received file: lastaccess.log
Jan 26, 2016 5:52:59 PM distfilesys.system.Thread fileStream
INFO: Received file: insertkey.log
Jan 26, 2016 5:52:59 PM distfilesys.system.Thread fileStream
INFO: Received file: lastaccess.log
Jan 26, 2016 5:52:59 PM distfilesys.system.Thread fileStream
INFO: Received file: lastaccess.log
Jan 26, 2016 5:52:59 PM distfilesys.system.Thread fileStream
INFO: Received file: insertkey.log
Jan 26, 2016 5:52:59 PM distfilesys.system.Thread fileStream
INFO: Received file: lastaccess.log
Jan 26, 2016 5:52:59 PM distfilesys.system.Thread fileStream
INFO: Received file: lastaccess.log
Jan 26, 2016 5:52:59 PM distfilesys.system.Thread fileStream
INFO: Received file: lastaccess.log
Jan 26, 2016 5:52:59 PM distfilesys.system.Thread fileStream
INFO: Received file: lastaccess.log
Jan 26, 2016 5:52:59 PM distfilesys.system.Thread fileStream
INFO: Received file: lastaccess.log
Jan 26, 2016 5:52:59 PM distfilesys.system.Thread fileStream
INFO: Received file: lastaccess.log
Jan 26, 2016 5:52:59 PM distfilesys.system.Thread fileStream
INFO: Received file: lastaccess.log
Jan 26, 2016 5:52:59 PM distfilesys.system.Thread fileStream
INFO: Received file: lastaccess.log
Jan 26, 2016 5:52:59 PM distfilesys.system.Thread fileStream
INFO: Received file: lastaccess.log
Jan 26, 2016 5:52:59 PM distfilesys.system.Thread fileStream
INFO: Received file: insertkey.log
Jan 26, 2016 5:52:59 PM distfilesys.system.Thread fileStream
INFO: Received file: lastaccess.log
Jan 26, 2016 5:52:59 PM distfilesys.system.Thread fileStream
INFO: Received file: lastaccess.log
Jan 26, 2016 5:52:59 PM distfilesys.system.Thread fileStream
INFO: Received file: insertkey.log
Jan 26, 2016 5:52:59 PM distfilesys.system.Thread fileStream
INFO: Received file: lastaccess.log
Jan 26, 2016 5:52:59 PM distfilesys.system.Thread fileStream
INFO: Received file: lastaccess.log
Jan 26, 2016 5:52:59 PM distfilesys.system.Thread fileStream
INFO: Received file: insertkey.log
Jan 26, 2016 5:52:59 PM distfilesys.system.Thread fileStream
INFO: Received file: lastaccess.log
Jan 26, 2016 5:52:59 PM distfilesys.system.Thread fileStream
INFO: Received file: lastaccess.log
Jan 26, 2016 5:53:00 PM distfilesys.system.Thread fileStream
INFO: Received file: lastaccess.log
Jan 26, 2016 5:53:00 PM distfilesys.system.Thread fileStream
INFO: Received file: lastaccess.log
Jan 26, 2016 5:53:00 PM distfilesys.system.Thread fileStream
INFO: Received file: lastaccess.log
Jan 26, 2016 5:53:00 PM distfilesys.system.Thread fileStream
INFO: Received file: lastaccess.log
Jan 26, 2016 5:53:00 PM distfilesys.system.Thread fileStream
INFO: Received file: lastaccess.log
Jan 26, 2016 5:53:00 PM distfilesys.system.Thread fileStream
INFO: Received file: lastaccess.log
Jan 26, 2016 5:53:00 PM distfilesys.system.Thread fileStream
INFO: Received file: insertkey.log
Jan 26, 2016 5:53:00 PM distfilesys.system.Thread fileStream
INFO: Received file: lastaccess.log
Jan 26, 2016 5:53:00 PM distfilesys.system.Thread fileStream
INFO: Received file: lastaccess.log
Jan 26, 2016 5:53:00 PM distfilesys.system.Thread fileStream
INFO: Received file: insertkey.log
Jan 26, 2016 5:53:00 PM distfilesys.system.Thread fileStream
INFO: Received file: lastaccess.log
Jan 26, 2016 5:53:00 PM distfilesys.system.Thread fileStream
INFO: Received file: lastaccess.log
Jan 26, 2016 5:53:00 PM distfilesys.system.Thread fileStream
INFO: Received file: insertkey.log
Jan 26, 2016 5:53:00 PM distfilesys.system.Thread fileStream
INFO: Received file: lastaccess.log
Jan 26, 2016 5:53:00 PM distfilesys.system.Thread fileStream
INFO: Received file: lastaccess.log
Jan 26, 2016 5:53:01 PM distfilesys.system.Thread fileStream
INFO: Received file: lastaccess.log
Jan 26, 2016 5:53:01 PM distfilesys.system.Thread fileStream
INFO: Received file: lastaccess.log
Jan 26, 2016 5:53:01 PM distfilesys.system.Thread fileStream
INFO: Received file: lastaccess.log
Jan 26, 2016 5:53:01 PM distfilesys.system.Thread fileStream
INFO: Received file: lastaccess.log
Jan 26, 2016 5:53:01 PM distfilesys.system.Thread fileStream
INFO: Received file: lastaccess.log
Jan 26, 2016 5:53:01 PM distfilesys.system.Thread fileStream
INFO: Received file: lastaccess.log
Jan 26, 2016 5:53:01 PM distfilesys.system.Thread fileStream
INFO: Received file: insertkey.log
Jan 26, 2016 5:53:01 PM distfilesys.system.Thread fileStream
INFO: Received file: lastaccess.log
Jan 26, 2016 5:53:01 PM distfilesys.system.Thread fileStream
INFO: Received file: lastaccess.log
Jan 26, 2016 5:53:01 PM distfilesys.system.Thread fileStream
INFO: Received file: lastaccess.log
Jan 26, 2016 5:53:01 PM distfilesys.system.Thread fileStream
INFO: Received file: insertkey.log
Jan 26, 2016 5:53:01 PM distfilesys.system.Thread fileStream
INFO: Received file: lastaccess.log
Jan 26, 2016 5:53:01 PM distfilesys.system.Thread fileStream
INFO: Received file: lastaccess.log
Jan 26, 2016 5:53:01 PM distfilesys.system.Thread fileStream
INFO: Received file: lastaccess.log
Jan 26, 2016 5:53:02 PM distfilesys.system.Thread fileStream
INFO: Received file: lastaccess.log
Jan 26, 2016 5:53:02 PM distfilesys.system.Thread fileStream
INFO: Received file: lastaccess.log
Jan 26, 2016 5:53:02 PM distfilesys.system.Thread fileStream
INFO: Received file: lastaccess.log
Jan 26, 2016 5:53:02 PM distfilesys.system.Thread fileStream
INFO: Received file: lastaccess.log
Jan 26, 2016 5:53:02 PM distfilesys.system.Thread fileStream
INFO: Received file: lastaccess.log
Jan 26, 2016 5:53:02 PM distfilesys.system.Thread fileStream
INFO: Received file: insertkey.log
Jan 26, 2016 5:53:02 PM distfilesys.system.Thread fileStream
INFO: Received file: lastaccess.log
Jan 26, 2016 5:53:02 PM distfilesys.system.Thread fileStream
INFO: Received file: lastaccess.log
Jan 26, 2016 5:53:02 PM distfilesys.system.Thread fileStream
INFO: Received file: insertkey.log
Jan 26, 2016 5:53:02 PM distfilesys.system.Thread fileStream
INFO: Received file: lastaccess.log
Jan 26, 2016 5:53:02 PM distfilesys.system.Thread fileStream
INFO: Received file: lastaccess.log
Jan 26, 2016 5:53:02 PM distfilesys.system.Thread fileStream
INFO: Received file: lastaccess.log
Jan 26, 2016 5:53:02 PM distfilesys.system.Thread fileStream
INFO: Received file: lastaccess.log
Jan 26, 2016 5:53:02 PM distfilesys.system.Thread fileStream
INFO: Received file: lastaccess.log
Jan 26, 2016 5:53:02 PM distfilesys.system.Thread fileStream
INFO: Received file: lastaccess.log
Jan 26, 2016 5:53:03 PM distfilesys.system.Thread fileStream
INFO: Received file: lastaccess.log
Jan 26, 2016 5:53:03 PM distfilesys.system.Thread fileStream
INFO: Received file: lastaccess.log
Jan 26, 2016 5:53:03 PM distfilesys.system.Thread fileStream
INFO: Received file: insertkey.log
Jan 26, 2016 5:53:03 PM distfilesys.system.Thread fileStream
INFO: Received file: lastaccess.log
Jan 26, 2016 5:53:03 PM distfilesys.system.Thread fileStream
INFO: Received file: lastaccess.log
Jan 26, 2016 5:53:03 PM distfilesys.system.Thread fileStream
INFO: Received file: insertkey.log
Jan 26, 2016 5:53:03 PM distfilesys.system.Thread fileStream
INFO: Received file: lastaccess.log
Jan 26, 2016 5:53:03 PM distfilesys.system.Thread fileStream
INFO: Received file: lastaccess.log
Jan 26, 2016 5:53:03 PM distfilesys.system.Thread fileStream
INFO: Received file: lastaccess.log
Jan 26, 2016 5:53:03 PM distfilesys.system.Thread fileStream
INFO: Received file: lastaccess.log
Jan 26, 2016 5:53:03 PM distfilesys.system.Thread fileStream
INFO: Received file: lastaccess.log
Jan 26, 2016 5:53:03 PM distfilesys.system.Thread fileStream
INFO: Received file: lastaccess.log
Jan 26, 2016 5:53:03 PM distfilesys.system.Thread fileStream
INFO: Received file: lastaccess.log
Jan 26, 2016 5:53:03 PM distfilesys.system.Thread fileStream
INFO: Received file: lastaccess.log
Jan 26, 2016 5:53:03 PM distfilesys.system.Thread fileStream
INFO: Received file: insertkey.log
Jan 26, 2016 5:53:03 PM distfilesys.system.Thread fileStream
INFO: Received file: lastaccess.log
Jan 26, 2016 5:53:03 PM distfilesys.system.Thread fileStream
INFO: Received file: lastaccess.log
Jan 26, 2016 5:53:03 PM distfilesys.system.Thread fileStream
INFO: Received file: insertkey.log
Jan 26, 2016 5:53:03 PM distfilesys.system.Thread fileStream
INFO: Received file: lastaccess.log
Jan 26, 2016 5:53:03 PM distfilesys.system.Thread fileStream
INFO: Received file: lastaccess.log
Jan 26, 2016 5:53:03 PM distfilesys.system.Thread fileStream
INFO: Received file: insertkey.log
Jan 26, 2016 5:53:03 PM distfilesys.system.Thread fileStream
INFO: Received file: lastaccess.log
Jan 26, 2016 5:53:03 PM distfilesys.system.Thread fileStream
INFO: Received file: lastaccess.log
Jan 26, 2016 5:53:03 PM distfilesys.system.Thread fileStream
INFO: Received file: lastaccess.log
Jan 26, 2016 5:53:04 PM distfilesys.system.Thread fileStream
INFO: Received file: lastaccess.log
Jan 26, 2016 5:53:04 PM distfilesys.system.Thread fileStream
INFO: Received file: lastaccess.log
Jan 26, 2016 5:53:04 PM distfilesys.system.Thread fileStream
INFO: Received file: lastaccess.log
Jan 26, 2016 5:53:04 PM distfilesys.system.Thread fileStream
INFO: Received file: lastaccess.log
Jan 26, 2016 5:53:04 PM distfilesys.system.Thread fileStream
INFO: Received file: lastaccess.log
Jan 26, 2016 5:53:04 PM distfilesys.system.Thread fileStream
INFO: Received file: lastaccess.log
Jan 26, 2016 5:53:04 PM distfilesys.system.Thread fileStream
INFO: Received file: insertkey.log
Jan 26, 2016 5:53:04 PM distfilesys.system.Thread fileStream
INFO: Received file: lastaccess.log
Jan 26, 2016 5:53:04 PM distfilesys.system.Thread fileStream
INFO: Received file: lastaccess.log
Jan 26, 2016 5:53:04 PM distfilesys.system.Thread fileStream
INFO: Received file: lastaccess.log
Jan 26, 2016 5:53:05 PM distfilesys.system.Thread fileStream
INFO: Received file: lastaccess.log
Jan 26, 2016 5:53:05 PM distfilesys.system.Thread fileStream
INFO: Received file: lastaccess.log
Jan 26, 2016 5:53:05 PM distfilesys.system.Thread fileStream
INFO: Received file: lastaccess.log
Jan 26, 2016 5:53:05 PM distfilesys.system.Thread fileStream
INFO: Received file: lastaccess.log
Jan 26, 2016 5:53:05 PM distfilesys.system.Thread fileStream
INFO: Received file: lastaccess.log
Jan 26, 2016 5:53:05 PM distfilesys.system.Thread fileStream
INFO: Received file: insertkey.log
Jan 26, 2016 5:53:05 PM distfilesys.system.Thread fileStream
INFO: Received file: lastaccess.log
Jan 26, 2016 5:53:05 PM distfilesys.system.Thread fileStream
INFO: Received file: lastaccess.log
Jan 26, 2016 5:53:05 PM distfilesys.system.Thread fileStream
INFO: Received file: lastaccess.log
Jan 26, 2016 6:00:09 PM distfilesys.system.DSystem loadHosts
WARNING: No hosts found.
Jan 26, 2016 6:00:09 PM distfilesys.system.DSystem run
INFO: distfilesys system initialized.
Jan 26, 2016 6:00:14 PM distfilesys.system.Thread fileStream
INFO: Received file: insertkey.log
Jan 26, 2016 6:00:14 PM distfilesys.system.Thread fileStream
INFO: Received file: insertkey.log
Jan 26, 2016 6:00:14 PM distfilesys.system.Thread fileStream
INFO: Received file: lastaccess.log
Jan 26, 2016 6:00:14 PM distfilesys.system.Thread fileStream
INFO: Received file: lastaccess.log
Jan 26, 2016 6:00:14 PM distfilesys.system.Thread fileStream
INFO: Received file: lastaccess.log
Jan 26, 2016 6:00:14 PM distfilesys.system.Thread fileStream
INFO: Received file: lastaccess.log
Jan 26, 2016 6:00:14 PM distfilesys.system.Thread fileStream
INFO: Received file: lastaccess.log
Jan 26, 2016 6:00:14 PM distfilesys.system.Thread fileStream
INFO: Received file: lastaccess.log
Jan 26, 2016 6:00:14 PM distfilesys.system.Thread fileStream
INFO: Received file: insertkey.log
Jan 26, 2016 6:00:14 PM distfilesys.system.Thread fileStream
INFO: Received file: lastaccess.log
Jan 26, 2016 6:00:14 PM distfilesys.system.Thread fileStream
INFO: Received file: lastaccess.log
Jan 26, 2016 6:00:14 PM distfilesys.system.Thread fileStream
INFO: Received file: insertkey.log
Jan 26, 2016 6:00:14 PM distfilesys.system.Thread fileStream
INFO: Received file: lastaccess.log
Jan 26, 2016 6:00:14 PM distfilesys.system.Thread fileStream
INFO: Received file: lastaccess.log
Jan 26, 2016 6:00:14 PM distfilesys.system.Thread fileStream
INFO: Received file: insertkey.log
Jan 26, 2016 6:00:14 PM distfilesys.system.Thread fileStream
INFO: Received file: lastaccess.log
Jan 26, 2016 6:00:14 PM distfilesys.system.Thread fileStream
INFO: Received file: lastaccess.log
Jan 26, 2016 6:00:14 PM distfilesys.system.Thread fileStream
INFO: Received file: insertkey.log
Jan 26, 2016 6:00:14 PM distfilesys.system.Thread fileStream
INFO: Received file: lastaccess.log
Jan 26, 2016 6:00:14 PM distfilesys.system.Thread fileStream
INFO: Received file: lastaccess.log
Jan 26, 2016 6:00:14 PM distfilesys.system.Thread fileStream
INFO: Received file: insertkey.log
Jan 26, 2016 6:00:14 PM distfilesys.system.Thread fileStream
INFO: Received file: lastaccess.log
Jan 26, 2016 6:00:14 PM distfilesys.system.Thread fileStream
INFO: Received file: lastaccess.log
Jan 26, 2016 6:00:14 PM distfilesys.system.Thread fileStream
INFO: Received file: insertkey.log
Jan 26, 2016 6:00:14 PM distfilesys.system.Thread fileStream
INFO: Received file: lastaccess.log
Jan 26, 2016 6:00:14 PM distfilesys.system.Thread fileStream
INFO: Received file: lastaccess.log
Jan 26, 2016 6:00:14 PM distfilesys.system.Thread fileStream
INFO: Received file: insertkey.log
Jan 26, 2016 6:00:14 PM distfilesys.system.Thread fileStream
INFO: Received file: lastaccess.log
Jan 26, 2016 6:00:14 PM distfilesys.system.Thread fileStream
INFO: Received file: lastaccess.log
Jan 26, 2016 6:00:14 PM distfilesys.system.Thread fileStream
INFO: Received file: insertkey.log
Jan 26, 2016 6:00:14 PM distfilesys.system.Thread fileStream
INFO: Received file: lastaccess.log
Jan 26, 2016 6:00:14 PM distfilesys.system.Thread fileStream
INFO: Received file: lastaccess.log
Jan 26, 2016 6:00:14 PM distfilesys.system.Thread fileStream
INFO: Received file: insertkey.log
Jan 26, 2016 6:00:14 PM distfilesys.system.Thread fileStream
INFO: Received file: lastaccess.log
Jan 26, 2016 6:00:14 PM distfilesys.system.Thread fileStream
INFO: Received file: lastaccess.log
Jan 26, 2016 6:00:14 PM distfilesys.system.Thread fileStream
INFO: Received file: insertkey.log
Jan 26, 2016 6:00:14 PM distfilesys.system.Thread fileStream
INFO: Received file: lastaccess.log
Jan 26, 2016 6:00:14 PM distfilesys.system.Thread fileStream
INFO: Received file: lastaccess.log
Jan 26, 2016 6:00:14 PM distfilesys.system.Thread fileStream
INFO: Received file: insertkey.log
Jan 26, 2016 6:00:14 PM distfilesys.system.Thread fileStream
INFO: Received file: lastaccess.log
Jan 26, 2016 6:00:14 PM distfilesys.system.Thread fileStream
INFO: Received file: lastaccess.log
Jan 26, 2016 6:00:14 PM distfilesys.system.Thread fileStream
INFO: Received file: insertkey.log
Jan 26, 2016 6:00:14 PM distfilesys.system.Thread fileStream
INFO: Received file: lastaccess.log
Jan 26, 2016 6:00:14 PM distfilesys.system.Thread fileStream
INFO: Received file: lastaccess.log
Jan 26, 2016 6:00:14 PM distfilesys.system.Thread fileStream
INFO: Received file: insertkey.log
Jan 26, 2016 6:00:14 PM distfilesys.system.Thread fileStream
INFO: Received file: lastaccess.log
Jan 26, 2016 6:00:14 PM distfilesys.system.Thread fileStream
INFO: Received file: lastaccess.log
Jan 26, 2016 6:00:14 PM distfilesys.system.Thread fileStream
INFO: Received file: insertkey.log
Jan 26, 2016 6:00:14 PM distfilesys.system.Thread fileStream
INFO: Received file: lastaccess.log
Jan 26, 2016 6:00:14 PM distfilesys.system.Thread fileStream
INFO: Received file: lastaccess.log
Jan 26, 2016 6:00:14 PM distfilesys.system.Thread fileStream
INFO: Received file: insertkey.log
Jan 26, 2016 6:00:14 PM distfilesys.system.Thread fileStream
INFO: Received file: lastaccess.log
Jan 26, 2016 6:00:14 PM distfilesys.system.Thread fileStream
INFO: Received file: lastaccess.log
Jan 26, 2016 6:00:14 PM distfilesys.system.Thread fileStream
INFO: Received file: insertkey.log
Jan 26, 2016 6:00:14 PM distfilesys.system.Thread fileStream
INFO: Received file: lastaccess.log
Jan 26, 2016 6:00:14 PM distfilesys.system.Thread fileStream
INFO: Received file: lastaccess.log
Jan 26, 2016 6:00:14 PM distfilesys.system.Thread fileStream
INFO: Received file: insertkey.log
Jan 26, 2016 6:00:14 PM distfilesys.system.Thread fileStream
INFO: Received file: lastaccess.log
Jan 26, 2016 6:00:14 PM distfilesys.system.Thread fileStream
INFO: Received file: lastaccess.log
Jan 26, 2016 6:00:14 PM distfilesys.system.Thread fileStream
INFO: Received file: insertkey.log
Jan 26, 2016 6:00:14 PM distfilesys.system.Thread fileStream
INFO: Received file: lastaccess.log
Jan 26, 2016 6:00:14 PM distfilesys.system.Thread fileStream
INFO: Received file: lastaccess.log
Jan 26, 2016 6:00:14 PM distfilesys.system.Thread fileStream
INFO: Received file: insertkey.log
Jan 26, 2016 6:00:14 PM distfilesys.system.Thread fileStream
INFO: Received file: lastaccess.log
Jan 26, 2016 6:00:14 PM distfilesys.system.Thread fileStream
INFO: Received file: lastaccess.log
Jan 26, 2016 6:00:14 PM distfilesys.system.Thread fileStream
INFO: Received file: insertkey.log
Jan 26, 2016 6:00:14 PM distfilesys.system.Thread fileStream
INFO: Received file: lastaccess.log
Jan 26, 2016 6:00:14 PM distfilesys.system.Thread fileStream
INFO: Received file: lastaccess.log
Jan 26, 2016 6:00:14 PM distfilesys.system.Thread fileStream
INFO: Received file: insertkey.log
Jan 26, 2016 6:00:14 PM distfilesys.system.Thread fileStream
INFO: Received file: lastaccess.log
Jan 26, 2016 6:00:14 PM distfilesys.system.Thread fileStream
INFO: Received file: lastaccess.log
Jan 26, 2016 6:00:14 PM distfilesys.system.Thread fileStream
INFO: Received file: insertkey.log
Jan 26, 2016 6:00:14 PM distfilesys.system.Thread fileStream
INFO: Received file: lastaccess.log
Jan 26, 2016 6:00:14 PM distfilesys.system.Thread fileStream
INFO: Received file: lastaccess.log
Jan 26, 2016 6:00:15 PM distfilesys.system.Thread fileStream
INFO: Received file: lastaccess.log
Jan 26, 2016 6:00:15 PM distfilesys.system.Thread fileStream
INFO: Received file: lastaccess.log
Jan 26, 2016 6:00:15 PM distfilesys.system.Thread fileStream
INFO: Received file: lastaccess.log
Jan 26, 2016 6:00:15 PM distfilesys.system.Thread fileStream
INFO: Received file: lastaccess.log
Jan 26, 2016 6:00:15 PM distfilesys.system.Thread fileStream
INFO: Received file: lastaccess.log
Jan 26, 2016 6:00:15 PM distfilesys.system.Thread fileStream
INFO: Received file: lastaccess.log
Jan 26, 2016 6:00:15 PM distfilesys.system.Thread fileStream
INFO: Received file: insertkey.log
Jan 26, 2016 6:00:15 PM distfilesys.system.Thread fileStream
INFO: Received file: lastaccess.log
Jan 26, 2016 6:00:15 PM distfilesys.system.Thread fileStream
INFO: Received file: lastaccess.log
Jan 26, 2016 6:00:15 PM distfilesys.system.Thread fileStream
INFO: Received file: insertkey.log
Jan 26, 2016 6:00:15 PM distfilesys.system.Thread fileStream
INFO: Received file: lastaccess.log
Jan 26, 2016 6:00:15 PM distfilesys.system.Thread fileStream
INFO: Received file: lastaccess.log
Jan 26, 2016 6:00:15 PM distfilesys.system.Thread fileStream
INFO: Received file: insertkey.log
Jan 26, 2016 6:00:15 PM distfilesys.system.Thread fileStream
INFO: Received file: lastaccess.log
Jan 26, 2016 6:00:15 PM distfilesys.system.Thread fileStream
INFO: Received file: lastaccess.log
Jan 26, 2016 6:00:15 PM distfilesys.system.Thread fileStream
INFO: Received file: insertkey.log
Jan 26, 2016 6:00:15 PM distfilesys.system.Thread fileStream
INFO: Received file: lastaccess.log
Jan 26, 2016 6:00:15 PM distfilesys.system.Thread fileStream
INFO: Received file: lastaccess.log
Jan 26, 2016 6:00:15 PM distfilesys.system.Thread fileStream
INFO: Received file: insertkey.log
Jan 26, 2016 6:00:15 PM distfilesys.system.Thread fileStream
INFO: Received file: lastaccess.log
Jan 26, 2016 6:00:15 PM distfilesys.system.Thread fileStream
INFO: Received file: lastaccess.log
Jan 26, 2016 6:00:15 PM distfilesys.system.Thread fileStream
INFO: Received file: insertkey.log
Jan 26, 2016 6:00:15 PM distfilesys.system.Thread fileStream
INFO: Received file: lastaccess.log
Jan 26, 2016 6:00:15 PM distfilesys.system.Thread fileStream
INFO: Received file: lastaccess.log
Jan 26, 2016 6:00:15 PM distfilesys.system.Thread fileStream
INFO: Received file: insertkey.log
Jan 26, 2016 6:00:15 PM distfilesys.system.Thread fileStream
INFO: Received file: lastaccess.log
Jan 26, 2016 6:00:15 PM distfilesys.system.Thread fileStream
INFO: Received file: lastaccess.log
Jan 26, 2016 6:00:15 PM distfilesys.system.Thread fileStream
INFO: Received file: insertkey.log
Jan 26, 2016 6:00:15 PM distfilesys.system.Thread fileStream
INFO: Received file: lastaccess.log
Jan 26, 2016 6:00:15 PM distfilesys.system.Thread fileStream
INFO: Received file: lastaccess.log
Jan 26, 2016 6:00:15 PM distfilesys.system.Thread fileStream
INFO: Received file: insertkey.log
Jan 26, 2016 6:00:15 PM distfilesys.system.Thread fileStream
INFO: Received file: lastaccess.log
Jan 26, 2016 6:00:15 PM distfilesys.system.Thread fileStream
INFO: Received file: lastaccess.log
Jan 26, 2016 6:00:15 PM distfilesys.system.Thread fileStream
INFO: Received file: insertkey.log
Jan 26, 2016 6:00:15 PM distfilesys.system.Thread fileStream
INFO: Received file: lastaccess.log
Jan 26, 2016 6:00:15 PM distfilesys.system.Thread fileStream
INFO: Received file: insertkey.log
Jan 26, 2016 6:00:15 PM distfilesys.system.Thread fileStream
INFO: Received file: lastaccess.log
Jan 26, 2016 6:00:15 PM distfilesys.system.Thread fileStream
INFO: Received file: lastaccess.log
Jan 26, 2016 6:00:15 PM distfilesys.system.Thread fileStream
INFO: Received file: lastaccess.log
Jan 26, 2016 6:00:15 PM distfilesys.system.Thread fileStream
INFO: Received file: insertkey.log
Jan 26, 2016 6:00:15 PM distfilesys.system.Thread fileStream
INFO: Received file: lastaccess.log
Jan 26, 2016 6:00:15 PM distfilesys.system.Thread fileStream
INFO: Received file: lastaccess.log
Jan 26, 2016 6:00:15 PM distfilesys.system.Thread fileStream
INFO: Received file: insertkey.log
Jan 26, 2016 6:00:15 PM distfilesys.system.Thread fileStream
INFO: Received file: lastaccess.log
Jan 26, 2016 6:00:15 PM distfilesys.system.Thread fileStream
INFO: Received file: lastaccess.log
Jan 26, 2016 6:00:15 PM distfilesys.system.Thread fileStream
INFO: Received file: insertkey.log
Jan 26, 2016 6:00:15 PM distfilesys.system.Thread fileStream
INFO: Received file: lastaccess.log
Jan 26, 2016 6:00:15 PM distfilesys.system.Thread fileStream
INFO: Received file: lastaccess.log
Jan 26, 2016 6:00:15 PM distfilesys.system.Thread fileStream
INFO: Received file: insertkey.log
Jan 26, 2016 6:00:15 PM distfilesys.system.Thread fileStream
INFO: Received file: lastaccess.log
Jan 26, 2016 6:00:15 PM distfilesys.system.Thread fileStream
INFO: Received file: lastaccess.log
Jan 26, 2016 6:00:15 PM distfilesys.system.Thread fileStream
INFO: Received file: insertkey.log
Jan 26, 2016 6:00:15 PM distfilesys.system.Thread fileStream
INFO: Received file: lastaccess.log
Jan 26, 2016 6:00:15 PM distfilesys.system.Thread fileStream
INFO: Received file: lastaccess.log
Jan 26, 2016 6:00:15 PM distfilesys.system.Thread fileStream
INFO: Received file: insertkey.log
Jan 26, 2016 6:00:15 PM distfilesys.system.Thread fileStream
INFO: Received file: lastaccess.log
Jan 26, 2016 6:00:15 PM distfilesys.system.Thread fileStream
INFO: Received file: lastaccess.log
Jan 26, 2016 6:00:15 PM distfilesys.system.Thread fileStream
INFO: Received file: insertkey.log
Jan 26, 2016 6:00:15 PM distfilesys.system.Thread fileStream
INFO: Received file: lastaccess.log
Jan 26, 2016 6:00:15 PM distfilesys.system.Thread fileStream
INFO: Received file: lastaccess.log
Jan 26, 2016 6:00:15 PM distfilesys.system.Thread fileStream
INFO: Received file: insertkey.log
Jan 26, 2016 6:00:15 PM distfilesys.system.Thread fileStream
INFO: Received file: lastaccess.log
Jan 26, 2016 6:00:15 PM distfilesys.system.Thread fileStream
INFO: Received file: lastaccess.log
Jan 26, 2016 6:00:15 PM distfilesys.system.Thread fileStream
INFO: Received file: insertkey.log
Jan 26, 2016 6:00:15 PM distfilesys.system.Thread fileStream
INFO: Received file: lastaccess.log
Jan 26, 2016 6:00:15 PM distfilesys.system.Thread fileStream
INFO: Received file: lastaccess.log
Jan 26, 2016 6:00:15 PM distfilesys.system.Thread fileStream
INFO: Received file: insertkey.log
Jan 26, 2016 6:00:15 PM distfilesys.system.Thread fileStream
INFO: Received file: lastaccess.log
Jan 26, 2016 6:00:15 PM distfilesys.system.Thread fileStream
INFO: Received file: lastaccess.log
Jan 26, 2016 6:00:15 PM distfilesys.system.Thread fileStream
INFO: Received file: lastaccess.log
Jan 26, 2016 6:00:15 PM distfilesys.system.Thread fileStream
INFO: Received file: lastaccess.log
Jan 26, 2016 6:00:15 PM distfilesys.system.Thread fileStream
INFO: Received file: lastaccess.log
Jan 26, 2016 6:00:15 PM distfilesys.system.Thread fileStream
INFO: Received file: lastaccess.log
Jan 26, 2016 6:00:15 PM distfilesys.system.Thread fileStream
INFO: Received file: lastaccess.log
Jan 26, 2016 6:00:15 PM distfilesys.system.Thread fileStream
INFO: Received file: lastaccess.log
Jan 26, 2016 6:00:15 PM distfilesys.system.Thread fileStream
INFO: Received file: insertkey.log
Jan 26, 2016 6:00:15 PM distfilesys.system.Thread fileStream
INFO: Received file: lastaccess.log
Jan 26, 2016 6:00:15 PM distfilesys.system.Thread fileStream
INFO: Received file: lastaccess.log
Jan 26, 2016 6:00:15 PM distfilesys.system.Thread fileStream
INFO: Received file: insertkey.log
Jan 26, 2016 6:00:15 PM distfilesys.system.Thread fileStream
INFO: Received file: lastaccess.log
Jan 26, 2016 6:00:15 PM distfilesys.system.Thread fileStream
INFO: Received file: lastaccess.log
Jan 26, 2016 6:00:15 PM distfilesys.system.Thread fileStream
INFO: Received file: insertkey.log
Jan 26, 2016 6:00:15 PM distfilesys.system.Thread fileStream
INFO: Received file: lastaccess.log
Jan 26, 2016 6:00:15 PM distfilesys.system.Thread fileStream
INFO: Received file: lastaccess.log
Jan 26, 2016 6:00:15 PM distfilesys.system.Thread fileStream
INFO: Received file: insertkey.log
Jan 26, 2016 6:00:15 PM distfilesys.system.Thread fileStream
INFO: Received file: lastaccess.log
Jan 26, 2016 6:00:15 PM distfilesys.system.Thread fileStream
INFO: Received file: lastaccess.log
Jan 26, 2016 6:00:15 PM distfilesys.system.Thread fileStream
INFO: Received file: insertkey.log
Jan 26, 2016 6:00:15 PM distfilesys.system.Thread fileStream
INFO: Received file: lastaccess.log
Jan 26, 2016 6:00:15 PM distfilesys.system.Thread fileStream
INFO: Received file: lastaccess.log
Jan 26, 2016 6:00:15 PM distfilesys.system.Thread fileStream
INFO: Received file: insertkey.log
Jan 26, 2016 6:00:15 PM distfilesys.system.Thread fileStream
INFO: Received file: lastaccess.log
Jan 26, 2016 6:00:15 PM distfilesys.system.Thread fileStream
INFO: Received file: lastaccess.log
Jan 26, 2016 6:00:15 PM distfilesys.system.Thread fileStream
INFO: Received file: insertkey.log
Jan 26, 2016 6:00:15 PM distfilesys.system.Thread fileStream
INFO: Received file: lastaccess.log
Jan 26, 2016 6:00:15 PM distfilesys.system.Thread fileStream
INFO: Received file: lastaccess.log
Jan 26, 2016 6:00:16 PM distfilesys.system.Thread fileStream
INFO: Received file: lastaccess.log
Jan 26, 2016 6:00:16 PM distfilesys.system.Thread fileStream
INFO: Received file: lastaccess.log
Jan 26, 2016 6:00:16 PM distfilesys.system.Thread fileStream
INFO: Received file: lastaccess.log
Jan 26, 2016 6:00:16 PM distfilesys.system.Thread fileStream
INFO: Received file: lastaccess.log
Jan 26, 2016 6:00:16 PM distfilesys.system.Thread fileStream
INFO: Received file: lastaccess.log
Jan 26, 2016 6:00:16 PM distfilesys.system.Thread fileStream
INFO: Received file: lastaccess.log
Jan 26, 2016 6:00:16 PM distfilesys.system.Thread fileStream
INFO: Received file: insertkey.log
Jan 26, 2016 6:00:16 PM distfilesys.system.Thread fileStream
INFO: Received file: lastaccess.log
Jan 26, 2016 6:00:16 PM distfilesys.system.Thread fileStream
INFO: Received file: lastaccess.log
Jan 26, 2016 6:00:16 PM distfilesys.system.Thread fileStream
INFO: Received file: insertkey.log
Jan 26, 2016 6:00:16 PM distfilesys.system.Thread fileStream
INFO: Received file: lastaccess.log
Jan 26, 2016 6:00:16 PM distfilesys.system.Thread fileStream
INFO: Received file: lastaccess.log
Jan 26, 2016 6:00:16 PM distfilesys.system.Thread fileStream
INFO: Received file: insertkey.log
Jan 26, 2016 6:00:16 PM distfilesys.system.Thread fileStream
INFO: Received file: lastaccess.log
Jan 26, 2016 6:00:16 PM distfilesys.system.Thread fileStream
INFO: Received file: lastaccess.log
Jan 26, 2016 6:00:16 PM distfilesys.system.Thread fileStream
INFO: Received file: insertkey.log
Jan 26, 2016 6:00:16 PM distfilesys.system.Thread fileStream
INFO: Received file: lastaccess.log
Jan 26, 2016 6:00:16 PM distfilesys.system.Thread fileStream
INFO: Received file: lastaccess.log
Jan 26, 2016 6:00:16 PM distfilesys.system.Thread fileStream
INFO: Received file: insertkey.log
Jan 26, 2016 6:00:16 PM distfilesys.system.Thread fileStream
INFO: Received file: lastaccess.log
Jan 26, 2016 6:00:16 PM distfilesys.system.Thread fileStream
INFO: Received file: lastaccess.log
Jan 26, 2016 6:00:16 PM distfilesys.system.Thread fileStream
INFO: Received file: insertkey.log
Jan 26, 2016 6:00:16 PM distfilesys.system.Thread fileStream
INFO: Received file: lastaccess.log
Jan 26, 2016 6:00:16 PM distfilesys.system.Thread fileStream
INFO: Received file: lastaccess.log
Jan 26, 2016 6:00:16 PM distfilesys.system.Thread fileStream
INFO: Received file: insertkey.log
Jan 26, 2016 6:00:16 PM distfilesys.system.Thread fileStream
INFO: Received file: lastaccess.log
Jan 26, 2016 6:00:16 PM distfilesys.system.Thread fileStream
INFO: Received file: lastaccess.log
Jan 26, 2016 6:00:16 PM distfilesys.system.Thread fileStream
INFO: Received file: insertkey.log
Jan 26, 2016 6:00:16 PM distfilesys.system.Thread fileStream
INFO: Received file: lastaccess.log
Jan 26, 2016 6:00:16 PM distfilesys.system.Thread fileStream
INFO: Received file: lastaccess.log
Jan 26, 2016 6:00:16 PM distfilesys.system.Thread fileStream
INFO: Received file: lastaccess.log
Jan 26, 2016 6:00:16 PM distfilesys.system.Thread fileStream
INFO: Received file: lastaccess.log
Jan 26, 2016 6:00:16 PM distfilesys.system.Thread fileStream
INFO: Received file: lastaccess.log
Jan 26, 2016 6:00:16 PM distfilesys.system.Thread fileStream
INFO: Received file: lastaccess.log
Jan 26, 2016 6:00:16 PM distfilesys.system.Thread fileStream
INFO: Received file: lastaccess.log
Jan 26, 2016 6:00:16 PM distfilesys.system.Thread fileStream
INFO: Received file: lastaccess.log
Jan 26, 2016 6:00:16 PM distfilesys.system.Thread fileStream
INFO: Received file: insertkey.log
Jan 26, 2016 6:00:16 PM distfilesys.system.Thread fileStream
INFO: Received file: lastaccess.log
Jan 26, 2016 6:00:16 PM distfilesys.system.Thread fileStream
INFO: Received file: lastaccess.log
Jan 26, 2016 6:00:16 PM distfilesys.system.Thread fileStream
INFO: Received file: insertkey.log
Jan 26, 2016 6:00:16 PM distfilesys.system.Thread fileStream
INFO: Received file: lastaccess.log
Jan 26, 2016 6:00:16 PM distfilesys.system.Thread fileStream
INFO: Received file: lastaccess.log
Jan 26, 2016 6:00:16 PM distfilesys.system.Thread fileStream
INFO: Received file: insertkey.log
Jan 26, 2016 6:00:16 PM distfilesys.system.Thread fileStream
INFO: Received file: lastaccess.log
Jan 26, 2016 6:00:16 PM distfilesys.system.Thread fileStream
INFO: Received file: lastaccess.log
Jan 26, 2016 6:00:16 PM distfilesys.system.Thread fileStream
INFO: Received file: insertkey.log
Jan 26, 2016 6:00:16 PM distfilesys.system.Thread fileStream
INFO: Received file: lastaccess.log
Jan 26, 2016 6:00:16 PM distfilesys.system.Thread fileStream
INFO: Received file: lastaccess.log
Jan 26, 2016 6:00:16 PM distfilesys.system.Thread fileStream
INFO: Received file: insertkey.log
Jan 26, 2016 6:00:16 PM distfilesys.system.Thread fileStream
INFO: Received file: lastaccess.log
Jan 26, 2016 6:00:16 PM distfilesys.system.Thread fileStream
INFO: Received file: lastaccess.log
Jan 26, 2016 6:00:16 PM distfilesys.system.Thread fileStream
INFO: Received file: insertkey.log
Jan 26, 2016 6:00:16 PM distfilesys.system.Thread fileStream
INFO: Received file: lastaccess.log
Jan 26, 2016 6:00:16 PM distfilesys.system.Thread fileStream
INFO: Received file: lastaccess.log
Jan 26, 2016 6:00:16 PM distfilesys.system.Thread fileStream
INFO: Received file: insertkey.log
Jan 26, 2016 6:00:16 PM distfilesys.system.Thread fileStream
INFO: Received file: lastaccess.log
Jan 26, 2016 6:00:16 PM distfilesys.system.Thread fileStream
INFO: Received file: lastaccess.log
Jan 26, 2016 6:00:16 PM distfilesys.system.Thread fileStream
INFO: Received file: insertkey.log
Jan 26, 2016 6:00:16 PM distfilesys.system.Thread fileStream
INFO: Received file: lastaccess.log
Jan 26, 2016 6:00:16 PM distfilesys.system.Thread fileStream
INFO: Received file: lastaccess.log
Jan 26, 2016 6:00:16 PM distfilesys.system.Thread fileStream
INFO: Received file: insertkey.log
Jan 26, 2016 6:00:16 PM distfilesys.system.Thread fileStream
INFO: Received file: lastaccess.log
Jan 26, 2016 6:00:16 PM distfilesys.system.Thread fileStream
INFO: Received file: lastaccess.log
Jan 26, 2016 6:00:16 PM distfilesys.system.Thread fileStream
INFO: Received file: insertkey.log
Jan 26, 2016 6:00:16 PM distfilesys.system.Thread fileStream
INFO: Received file: lastaccess.log
Jan 26, 2016 6:00:16 PM distfilesys.system.Thread fileStream
INFO: Received file: lastaccess.log
Jan 26, 2016 6:00:17 PM distfilesys.system.Thread fileStream
INFO: Received file: lastaccess.log
Jan 26, 2016 6:00:17 PM distfilesys.system.Thread fileStream
INFO: Received file: lastaccess.log
Jan 26, 2016 6:00:17 PM distfilesys.system.Thread fileStream
INFO: Received file: lastaccess.log
Jan 26, 2016 6:00:17 PM distfilesys.system.Thread fileStream
INFO: Received file: lastaccess.log
Jan 26, 2016 6:00:17 PM distfilesys.system.Thread fileStream
INFO: Received file: lastaccess.log
Jan 26, 2016 6:00:17 PM distfilesys.system.Thread fileStream
INFO: Received file: lastaccess.log
Jan 26, 2016 6:00:17 PM distfilesys.system.Thread fileStream
INFO: Received file: insertkey.log
Jan 26, 2016 6:00:17 PM distfilesys.system.Thread fileStream
INFO: Received file: lastaccess.log
Jan 26, 2016 6:00:17 PM distfilesys.system.Thread fileStream
INFO: Received file: lastaccess.log
Jan 26, 2016 6:00:17 PM distfilesys.system.Thread fileStream
INFO: Received file: insertkey.log
Jan 26, 2016 6:00:17 PM distfilesys.system.Thread fileStream
INFO: Received file: lastaccess.log
Jan 26, 2016 6:00:17 PM distfilesys.system.Thread fileStream
INFO: Received file: lastaccess.log
Jan 26, 2016 6:00:17 PM distfilesys.system.Thread fileStream
INFO: Received file: insertkey.log
Jan 26, 2016 6:00:17 PM distfilesys.system.Thread fileStream
INFO: Received file: lastaccess.log
Jan 26, 2016 6:00:17 PM distfilesys.system.Thread fileStream
INFO: Received file: lastaccess.log
Jan 26, 2016 6:00:17 PM distfilesys.system.Thread fileStream
INFO: Received file: insertkey.log
Jan 26, 2016 6:00:17 PM distfilesys.system.Thread fileStream
INFO: Received file: lastaccess.log
Jan 26, 2016 6:00:17 PM distfilesys.system.Thread fileStream
INFO: Received file: lastaccess.log
Jan 26, 2016 6:00:17 PM distfilesys.system.Thread fileStream
INFO: Received file: lastaccess.log
Jan 26, 2016 6:00:17 PM distfilesys.system.Thread fileStream
INFO: Received file: lastaccess.log
Jan 26, 2016 6:00:17 PM distfilesys.system.Thread fileStream
INFO: Received file: lastaccess.log
Jan 26, 2016 6:00:17 PM distfilesys.system.Thread fileStream
INFO: Received file: lastaccess.log
Jan 26, 2016 6:00:17 PM distfilesys.system.Thread fileStream
INFO: Received file: lastaccess.log
Jan 26, 2016 6:00:17 PM distfilesys.system.Thread fileStream
INFO: Received file: lastaccess.log
Jan 26, 2016 6:00:17 PM distfilesys.system.Thread fileStream
INFO: Received file: insertkey.log
Jan 26, 2016 6:00:17 PM distfilesys.system.Thread fileStream
INFO: Received file: lastaccess.log
Jan 26, 2016 6:00:17 PM distfilesys.system.Thread fileStream
INFO: Received file: lastaccess.log
Jan 26, 2016 6:00:17 PM distfilesys.system.Thread fileStream
INFO: Received file: insertkey.log
Jan 26, 2016 6:00:17 PM distfilesys.system.Thread fileStream
INFO: Received file: lastaccess.log
Jan 26, 2016 6:00:17 PM distfilesys.system.Thread fileStream
INFO: Received file: lastaccess.log
Jan 26, 2016 6:00:17 PM distfilesys.system.Thread fileStream
INFO: Received file: insertkey.log
Jan 26, 2016 6:00:17 PM distfilesys.system.Thread fileStream
INFO: Received file: lastaccess.log
Jan 26, 2016 6:00:17 PM distfilesys.system.Thread fileStream
INFO: Received file: lastaccess.log
Jan 26, 2016 6:00:17 PM distfilesys.system.Thread fileStream
INFO: Received file: insertkey.log
Jan 26, 2016 6:00:17 PM distfilesys.system.Thread fileStream
INFO: Received file: lastaccess.log
Jan 26, 2016 6:00:17 PM distfilesys.system.Thread fileStream
INFO: Received file: lastaccess.log
Jan 26, 2016 6:00:17 PM distfilesys.system.Thread fileStream
INFO: Received file: insertkey.log
Jan 26, 2016 6:00:17 PM distfilesys.system.Thread fileStream
INFO: Received file: lastaccess.log
Jan 26, 2016 6:00:17 PM distfilesys.system.Thread fileStream
INFO: Received file: lastaccess.log
Jan 26, 2016 6:00:18 PM distfilesys.system.Thread fileStream
INFO: Received file: lastaccess.log
Jan 26, 2016 6:00:18 PM distfilesys.system.Thread fileStream
INFO: Received file: lastaccess.log
Jan 26, 2016 6:00:18 PM distfilesys.system.Thread fileStream
INFO: Received file: lastaccess.log
Jan 26, 2016 6:00:18 PM distfilesys.system.Thread fileStream
INFO: Received file: lastaccess.log
Jan 26, 2016 6:00:18 PM distfilesys.system.Thread fileStream
INFO: Received file: lastaccess.log
Jan 26, 2016 6:00:18 PM distfilesys.system.Thread fileStream
INFO: Received file: lastaccess.log
Jan 26, 2016 6:00:18 PM distfilesys.system.Thread fileStream
INFO: Received file: insertkey.log
Jan 26, 2016 6:00:18 PM distfilesys.system.Thread fileStream
INFO: Received file: lastaccess.log
Jan 26, 2016 6:00:18 PM distfilesys.system.Thread fileStream
INFO: Received file: lastaccess.log
Jan 26, 2016 6:00:18 PM distfilesys.system.Thread fileStream
INFO: Received file: insertkey.log
Jan 26, 2016 6:00:18 PM distfilesys.system.Thread fileStream
INFO: Received file: lastaccess.log
Jan 26, 2016 6:00:18 PM distfilesys.system.Thread fileStream
INFO: Received file: lastaccess.log
Jan 26, 2016 6:00:18 PM distfilesys.system.Thread fileStream
INFO: Received file: insertkey.log
Jan 26, 2016 6:00:18 PM distfilesys.system.Thread fileStream
INFO: Received file: lastaccess.log
Jan 26, 2016 6:00:18 PM distfilesys.system.Thread fileStream
INFO: Received file: lastaccess.log
Jan 26, 2016 6:00:18 PM distfilesys.system.Thread fileStream
INFO: Received file: insertkey.log
Jan 26, 2016 6:00:18 PM distfilesys.system.Thread fileStream
INFO: Received file: lastaccess.log
Jan 26, 2016 6:00:18 PM distfilesys.system.Thread fileStream
INFO: Received file: lastaccess.log
Jan 26, 2016 6:00:18 PM distfilesys.system.Thread fileStream
INFO: Received file: insertkey.log
Jan 26, 2016 6:00:18 PM distfilesys.system.Thread fileStream
INFO: Received file: lastaccess.log
Jan 26, 2016 6:00:18 PM distfilesys.system.Thread fileStream
INFO: Received file: lastaccess.log
Jan 26, 2016 6:00:18 PM distfilesys.system.Thread fileStream
INFO: Received file: insertkey.log
Jan 26, 2016 6:00:18 PM distfilesys.system.Thread fileStream
INFO: Received file: lastaccess.log
Jan 26, 2016 6:00:18 PM distfilesys.system.Thread fileStream
INFO: Received file: lastaccess.log
Jan 26, 2016 6:00:18 PM distfilesys.system.Thread fileStream
INFO: Received file: lastaccess.log
Jan 26, 2016 6:00:18 PM distfilesys.system.Thread fileStream
INFO: Received file: lastaccess.log
Jan 26, 2016 6:00:18 PM distfilesys.system.Thread fileStream
INFO: Received file: lastaccess.log
Jan 26, 2016 6:00:18 PM distfilesys.system.Thread fileStream
INFO: Received file: lastaccess.log
Jan 26, 2016 6:00:18 PM distfilesys.system.Thread fileStream
INFO: Received file: lastaccess.log
Jan 26, 2016 6:00:18 PM distfilesys.system.Thread fileStream
INFO: Received file: lastaccess.log
Jan 26, 2016 6:00:18 PM distfilesys.system.Thread fileStream
INFO: Received file: insertkey.log
Jan 26, 2016 6:00:18 PM distfilesys.system.Thread fileStream
INFO: Received file: lastaccess.log
Jan 26, 2016 6:00:18 PM distfilesys.system.Thread fileStream
INFO: Received file: lastaccess.log
Jan 26, 2016 6:00:18 PM distfilesys.system.Thread fileStream
INFO: Received file: insertkey.log
Jan 26, 2016 6:00:18 PM distfilesys.system.Thread fileStream
INFO: Received file: lastaccess.log
Jan 26, 2016 6:00:18 PM distfilesys.system.Thread fileStream
INFO: Received file: lastaccess.log
Jan 26, 2016 6:00:18 PM distfilesys.system.Thread fileStream
INFO: Received file: insertkey.log
Jan 26, 2016 6:00:18 PM distfilesys.system.Thread fileStream
INFO: Received file: lastaccess.log
Jan 26, 2016 6:00:18 PM distfilesys.system.Thread fileStream
INFO: Received file: lastaccess.log
Jan 26, 2016 6:00:18 PM distfilesys.system.Thread fileStream
INFO: Received file: insertkey.log
Jan 26, 2016 6:00:18 PM distfilesys.system.Thread fileStream
INFO: Received file: lastaccess.log
Jan 26, 2016 6:00:18 PM distfilesys.system.Thread fileStream
INFO: Received file: lastaccess.log
Jan 26, 2016 6:00:18 PM distfilesys.system.Thread fileStream
INFO: Received file: insertkey.log
Jan 26, 2016 6:00:18 PM distfilesys.system.Thread fileStream
INFO: Received file: lastaccess.log
Jan 26, 2016 6:00:18 PM distfilesys.system.Thread fileStream
INFO: Received file: lastaccess.log
Jan 26, 2016 6:00:18 PM distfilesys.system.Thread fileStream
INFO: Received file: lastaccess.log
Jan 26, 2016 6:00:19 PM distfilesys.system.Thread fileStream
INFO: Received file: lastaccess.log
Jan 26, 2016 6:00:19 PM distfilesys.system.Thread fileStream
INFO: Received file: lastaccess.log
Jan 26, 2016 6:00:19 PM distfilesys.system.Thread fileStream
INFO: Received file: lastaccess.log
Jan 26, 2016 6:00:19 PM distfilesys.system.Thread fileStream
INFO: Received file: lastaccess.log
Jan 26, 2016 6:00:19 PM distfilesys.system.Thread fileStream
INFO: Received file: lastaccess.log
Jan 26, 2016 6:00:19 PM distfilesys.system.Thread fileStream
INFO: Received file: insertkey.log
Jan 26, 2016 6:00:19 PM distfilesys.system.Thread fileStream
INFO: Received file: lastaccess.log
Jan 26, 2016 6:00:19 PM distfilesys.system.Thread fileStream
INFO: Received file: lastaccess.log
Jan 26, 2016 6:00:19 PM distfilesys.system.Thread fileStream
INFO: Received file: insertkey.log
Jan 26, 2016 6:00:19 PM distfilesys.system.Thread fileStream
INFO: Received file: lastaccess.log
Jan 26, 2016 6:00:19 PM distfilesys.system.Thread fileStream
INFO: Received file: lastaccess.log
Jan 26, 2016 6:00:19 PM distfilesys.system.Thread fileStream
INFO: Received file: insertkey.log
Jan 26, 2016 6:00:19 PM distfilesys.system.Thread fileStream
INFO: Received file: lastaccess.log
Jan 26, 2016 6:00:19 PM distfilesys.system.Thread fileStream
INFO: Received file: lastaccess.log
Jan 26, 2016 6:00:19 PM distfilesys.system.Thread fileStream
INFO: Received file: insertkey.log
Jan 26, 2016 6:00:19 PM distfilesys.system.Thread fileStream
INFO: Received file: lastaccess.log
Jan 26, 2016 6:00:19 PM distfilesys.system.Thread fileStream
INFO: Received file: lastaccess.log
Jan 26, 2016 6:00:19 PM distfilesys.system.Thread fileStream
INFO: Received file: insertkey.log
Jan 26, 2016 6:00:19 PM distfilesys.system.Thread fileStream
INFO: Received file: lastaccess.log
Jan 26, 2016 6:00:19 PM distfilesys.system.Thread fileStream
INFO: Received file: lastaccess.log
Jan 26, 2016 6:00:19 PM distfilesys.system.Thread fileStream
INFO: Received file: lastaccess.log
Jan 26, 2016 6:00:19 PM distfilesys.system.Thread fileStream
INFO: Received file: lastaccess.log
Jan 26, 2016 6:00:19 PM distfilesys.system.Thread fileStream
INFO: Received file: lastaccess.log
Jan 26, 2016 6:00:19 PM distfilesys.system.Thread fileStream
INFO: Received file: lastaccess.log
Jan 26, 2016 6:00:19 PM distfilesys.system.Thread fileStream
INFO: Received file: lastaccess.log
Jan 26, 2016 6:00:19 PM distfilesys.system.Thread fileStream
INFO: Received file: lastaccess.log
Jan 26, 2016 6:00:19 PM distfilesys.system.Thread fileStream
INFO: Received file: insertkey.log
Jan 26, 2016 6:00:19 PM distfilesys.system.Thread fileStream
INFO: Received file: lastaccess.log
Jan 26, 2016 6:00:19 PM distfilesys.system.Thread fileStream
INFO: Received file: lastaccess.log
Jan 26, 2016 6:00:19 PM distfilesys.system.Thread fileStream
INFO: Received file: insertkey.log
Jan 26, 2016 6:00:19 PM distfilesys.system.Thread fileStream
INFO: Received file: lastaccess.log
Jan 26, 2016 6:00:19 PM distfilesys.system.Thread fileStream
INFO: Received file: lastaccess.log
Jan 26, 2016 6:00:19 PM distfilesys.system.Thread fileStream
INFO: Received file: insertkey.log
Jan 26, 2016 6:00:19 PM distfilesys.system.Thread fileStream
INFO: Received file: lastaccess.log
Jan 26, 2016 6:00:19 PM distfilesys.system.Thread fileStream
INFO: Received file: lastaccess.log
Jan 26, 2016 6:00:19 PM distfilesys.system.Thread fileStream
INFO: Received file: insertkey.log
Jan 26, 2016 6:00:19 PM distfilesys.system.Thread fileStream
INFO: Received file: lastaccess.log
Jan 26, 2016 6:00:19 PM distfilesys.system.Thread fileStream
INFO: Received file: lastaccess.log
Jan 26, 2016 6:00:19 PM distfilesys.system.Thread fileStream
INFO: Received file: insertkey.log
Jan 26, 2016 6:00:19 PM distfilesys.system.Thread fileStream
INFO: Received file: lastaccess.log
Jan 26, 2016 6:00:19 PM distfilesys.system.Thread fileStream
INFO: Received file: lastaccess.log
Jan 26, 2016 6:00:19 PM distfilesys.system.Thread fileStream
INFO: Received file: lastaccess.log
Jan 26, 2016 6:00:19 PM distfilesys.system.Thread fileStream
INFO: Received file: lastaccess.log
Jan 26, 2016 6:00:20 PM distfilesys.system.Thread fileStream
INFO: Received file: lastaccess.log
Jan 26, 2016 6:00:20 PM distfilesys.system.Thread fileStream
INFO: Received file: lastaccess.log
Jan 26, 2016 6:00:20 PM distfilesys.system.Thread fileStream
INFO: Received file: lastaccess.log
Jan 26, 2016 6:00:20 PM distfilesys.system.Thread fileStream
INFO: Received file: lastaccess.log
Jan 26, 2016 6:00:20 PM distfilesys.system.Thread fileStream
INFO: Received file: lastaccess.log
Jan 26, 2016 6:00:20 PM distfilesys.system.Thread fileStream
INFO: Received file: insertkey.log
Jan 26, 2016 6:00:20 PM distfilesys.system.Thread fileStream
INFO: Received file: lastaccess.log
Jan 26, 2016 6:00:20 PM distfilesys.system.Thread fileStream
INFO: Received file: lastaccess.log
Jan 26, 2016 6:00:20 PM distfilesys.system.Thread fileStream
INFO: Received file: insertkey.log
Jan 26, 2016 6:00:20 PM distfilesys.system.Thread fileStream
INFO: Received file: lastaccess.log
Jan 26, 2016 6:00:20 PM distfilesys.system.Thread fileStream
INFO: Received file: lastaccess.log
Jan 26, 2016 6:00:20 PM distfilesys.system.Thread fileStream
INFO: Received file: insertkey.log
Jan 26, 2016 6:00:20 PM distfilesys.system.Thread fileStream
INFO: Received file: lastaccess.log
Jan 26, 2016 6:00:20 PM distfilesys.system.Thread fileStream
INFO: Received file: lastaccess.log
Jan 26, 2016 6:00:20 PM distfilesys.system.Thread fileStream
INFO: Received file: lastaccess.log
Jan 26, 2016 6:00:20 PM distfilesys.system.Thread fileStream
INFO: Received file: lastaccess.log
Jan 26, 2016 6:00:20 PM distfilesys.system.Thread fileStream
INFO: Received file: lastaccess.log
Jan 26, 2016 6:00:20 PM distfilesys.system.Thread fileStream
INFO: Received file: lastaccess.log
Jan 26, 2016 6:00:20 PM distfilesys.system.Thread fileStream
INFO: Received file: lastaccess.log
Jan 26, 2016 6:00:20 PM distfilesys.system.Thread fileStream
INFO: Received file: lastaccess.log
Jan 26, 2016 6:00:20 PM distfilesys.system.Thread fileStream
INFO: Received file: insertkey.log
Jan 26, 2016 6:00:20 PM distfilesys.system.Thread fileStream
INFO: Received file: lastaccess.log
Jan 26, 2016 6:00:20 PM distfilesys.system.Thread fileStream
INFO: Received file: lastaccess.log
Jan 26, 2016 6:00:20 PM distfilesys.system.Thread fileStream
INFO: Received file: insertkey.log
Jan 26, 2016 6:00:20 PM distfilesys.system.Thread fileStream
INFO: Received file: lastaccess.log
Jan 26, 2016 6:00:20 PM distfilesys.system.Thread fileStream
INFO: Received file: lastaccess.log
Jan 26, 2016 6:00:20 PM distfilesys.system.Thread fileStream
INFO: Received file: insertkey.log
Jan 26, 2016 6:00:20 PM distfilesys.system.Thread fileStream
INFO: Received file: lastaccess.log
Jan 26, 2016 6:00:20 PM distfilesys.system.Thread fileStream
INFO: Received file: lastaccess.log
Jan 26, 2016 6:00:20 PM distfilesys.system.Thread fileStream
INFO: Received file: lastaccess.log
Jan 26, 2016 6:00:21 PM distfilesys.system.Thread fileStream
INFO: Received file: lastaccess.log
Jan 26, 2016 6:00:21 PM distfilesys.system.Thread fileStream
INFO: Received file: lastaccess.log
Jan 26, 2016 6:00:21 PM distfilesys.system.Thread fileStream
INFO: Received file: lastaccess.log
Jan 26, 2016 6:00:21 PM distfilesys.system.Thread fileStream
INFO: Received file: lastaccess.log
Jan 26, 2016 6:00:21 PM distfilesys.system.Thread fileStream
INFO: Received file: lastaccess.log
Jan 26, 2016 6:00:21 PM distfilesys.system.Thread fileStream
INFO: Received file: insertkey.log
Jan 26, 2016 6:00:21 PM distfilesys.system.Thread fileStream
INFO: Received file: lastaccess.log
Jan 26, 2016 6:00:21 PM distfilesys.system.Thread fileStream
INFO: Received file: lastaccess.log
Jan 26, 2016 6:00:21 PM distfilesys.system.Thread fileStream
INFO: Received file: lastaccess.log
Jan 26, 2016 6:00:21 PM distfilesys.system.Thread fileStream
INFO: Received file: insertkey.log
Jan 26, 2016 6:00:21 PM distfilesys.system.Thread fileStream
INFO: Received file: lastaccess.log
Jan 26, 2016 6:00:21 PM distfilesys.system.Thread fileStream
INFO: Received file: lastaccess.log
Jan 26, 2016 6:00:21 PM distfilesys.system.Thread fileStream
INFO: Received file: insertkey.log
Jan 26, 2016 6:00:21 PM distfilesys.system.Thread fileStream
INFO: Received file: lastaccess.log
Jan 26, 2016 6:00:21 PM distfilesys.system.Thread fileStream
INFO: Received file: lastaccess.log
Jan 26, 2016 6:00:21 PM distfilesys.system.Thread fileStream
INFO: Received file: lastaccess.log
Jan 26, 2016 6:00:21 PM distfilesys.system.Thread fileStream
INFO: Received file: lastaccess.log
Jan 26, 2016 6:00:21 PM distfilesys.system.Thread fileStream
INFO: Received file: lastaccess.log
Jan 26, 2016 6:00:21 PM distfilesys.system.Thread fileStream
INFO: Received file: lastaccess.log
Jan 26, 2016 6:00:21 PM distfilesys.system.Thread fileStream
INFO: Received file: lastaccess.log
Jan 26, 2016 6:00:21 PM distfilesys.system.Thread fileStream
INFO: Received file: lastaccess.log
Jan 26, 2016 6:00:21 PM distfilesys.system.Thread fileStream
INFO: Received file: insertkey.log
Jan 26, 2016 6:00:21 PM distfilesys.system.Thread fileStream
INFO: Received file: lastaccess.log
Jan 26, 2016 6:00:21 PM distfilesys.system.Thread fileStream
INFO: Received file: lastaccess.log
Jan 26, 2016 6:00:21 PM distfilesys.system.Thread fileStream
INFO: Received file: insertkey.log
Jan 26, 2016 6:00:21 PM distfilesys.system.Thread fileStream
INFO: Received file: lastaccess.log
Jan 26, 2016 6:00:21 PM distfilesys.system.Thread fileStream
INFO: Received file: lastaccess.log
Jan 26, 2016 6:00:21 PM distfilesys.system.Thread fileStream
INFO: Received file: lastaccess.log
Jan 26, 2016 6:00:22 PM distfilesys.system.Thread fileStream
INFO: Received file: lastaccess.log
Jan 26, 2016 6:00:22 PM distfilesys.system.Thread fileStream
INFO: Received file: lastaccess.log
Jan 26, 2016 6:00:22 PM distfilesys.system.Thread fileStream
INFO: Received file: lastaccess.log
Jan 26, 2016 6:00:22 PM distfilesys.system.Thread fileStream
INFO: Received file: lastaccess.log
Jan 26, 2016 6:00:22 PM distfilesys.system.Thread fileStream
INFO: Received file: lastaccess.log
Jan 26, 2016 6:00:22 PM distfilesys.system.Thread fileStream
INFO: Received file: insertkey.log
Jan 26, 2016 6:00:22 PM distfilesys.system.Thread fileStream
INFO: Received file: lastaccess.log
Jan 26, 2016 6:00:22 PM distfilesys.system.Thread fileStream
INFO: Received file: lastaccess.log
Jan 26, 2016 6:00:22 PM distfilesys.system.Thread fileStream
INFO: Received file: insertkey.log
Jan 26, 2016 6:00:22 PM distfilesys.system.Thread fileStream
INFO: Received file: lastaccess.log
Jan 26, 2016 6:00:22 PM distfilesys.system.Thread fileStream
INFO: Received file: lastaccess.log
Jan 26, 2016 6:00:22 PM distfilesys.system.Thread fileStream
INFO: Received file: lastaccess.log
Jan 26, 2016 6:00:22 PM distfilesys.system.Thread fileStream
INFO: Received file: lastaccess.log
Jan 26, 2016 6:00:22 PM distfilesys.system.Thread fileStream
INFO: Received file: lastaccess.log
Jan 26, 2016 6:00:22 PM distfilesys.system.Thread fileStream
INFO: Received file: lastaccess.log
Jan 26, 2016 6:00:22 PM distfilesys.system.Thread fileStream
INFO: Received file: lastaccess.log
Jan 26, 2016 6:00:22 PM distfilesys.system.Thread fileStream
INFO: Received file: lastaccess.log
Jan 26, 2016 6:00:22 PM distfilesys.system.Thread fileStream
INFO: Received file: insertkey.log
Jan 26, 2016 6:00:22 PM distfilesys.system.Thread fileStream
INFO: Received file: lastaccess.log
Jan 26, 2016 6:00:22 PM distfilesys.system.Thread fileStream
INFO: Received file: lastaccess.log
Jan 26, 2016 6:00:22 PM distfilesys.system.Thread fileStream
INFO: Received file: insertkey.log
Jan 26, 2016 6:00:22 PM distfilesys.system.Thread fileStream
INFO: Received file: lastaccess.log
Jan 26, 2016 6:00:22 PM distfilesys.system.Thread fileStream
INFO: Received file: lastaccess.log
Jan 26, 2016 6:00:22 PM distfilesys.system.Thread fileStream
INFO: Received file: lastaccess.log
Jan 26, 2016 6:00:22 PM distfilesys.system.Thread fileStream
INFO: Received file: lastaccess.log
Jan 26, 2016 6:00:23 PM distfilesys.system.Thread fileStream
INFO: Received file: lastaccess.log
Jan 26, 2016 6:00:23 PM distfilesys.system.Thread fileStream
INFO: Received file: lastaccess.log
Jan 26, 2016 6:00:23 PM distfilesys.system.Thread fileStream
INFO: Received file: lastaccess.log
Jan 26, 2016 6:00:23 PM distfilesys.system.Thread fileStream
INFO: Received file: lastaccess.log
Jan 26, 2016 6:00:23 PM distfilesys.system.Thread fileStream
INFO: Received file: lastaccess.log
Jan 26, 2016 6:00:23 PM distfilesys.system.Thread fileStream
INFO: Received file: insertkey.log
Jan 26, 2016 6:00:23 PM distfilesys.system.Thread fileStream
INFO: Received file: lastaccess.log
Jan 26, 2016 6:00:23 PM distfilesys.system.Thread fileStream
INFO: Received file: lastaccess.log
Jan 26, 2016 6:00:23 PM distfilesys.system.Thread fileStream
INFO: Received file: lastaccess.log
Jan 31, 2016 2:20:32 PM distfilesys.system.DSystem loadHosts
WARNING: No hosts found.
Jan 31, 2016 2:20:34 PM distfilesys.system.DSystem run
INFO: distfilesys system initialized.
Jan 31, 2016 2:21:03 PM distfilesys.system.DSystem loadHosts
WARNING: No hosts found.
Jan 31, 2016 2:21:05 PM distfilesys.system.DSystem run
INFO: distfilesys system initialized.
Jan 31, 2016 2:21:08 PM distfilesys.system.DSystem loadHosts
WARNING: No hosts found.
Jan 31, 2016 2:21:10 PM distfilesys.system.DSystem run
INFO: distfilesys system initialized.
Jan 31, 2016 2:21:18 PM distfilesys.system.DSystem loadHosts
WARNING: No hosts found.
Jan 31, 2016 2:21:19 PM distfilesys.system.DSystem run
INFO: distfilesys system initialized.
Jan 31, 2016 2:21:29 PM distfilesys.system.DSystem loadHosts
WARNING: No hosts found.
Jan 31, 2016 2:21:31 PM distfilesys.system.DSystem run
INFO: distfilesys system initialized.
Jan 31, 2016 2:21:54 PM distfilesys.system.DSystem loadHosts
WARNING: No hosts found.
Jan 31, 2016 2:21:57 PM distfilesys.system.DSystem run
INFO: distfilesys system initialized.
Jan 31, 2016 2:22:04 PM distfilesys.system.DSystem loadHosts
WARNING: No hosts found.
Jan 31, 2016 2:22:09 PM distfilesys.system.DSystem run
INFO: distfilesys system initialized.
Jan 31, 2016 2:22:21 PM distfilesys.system.DSystem loadHosts
WARNING: No hosts found.
Jan 31, 2016 2:22:24 PM distfilesys.system.DSystem run
INFO: distfilesys system initialized.
Jan 31, 2016 2:22:42 PM distfilesys.system.DSystem loadHosts
WARNING: No hosts found.
Jan 31, 2016 2:22:44 PM distfilesys.system.DSystem run
INFO: distfilesys system initialized.
Jan 31, 2016 2:22:56 PM distfilesys.system.DSystem loadHosts
WARNING: No hosts found.
Jan 31, 2016 2:23:01 PM distfilesys.system.DSystem run
INFO: distfilesys system initialized.
Jan 31, 2016 2:23:11 PM distfilesys.system.DSystem loadHosts
WARNING: No hosts found.
Jan 31, 2016 2:24:06 PM distfilesys.system.DSystem loadHosts
WARNING: No hosts found.
Jan 31, 2016 2:24:08 PM distfilesys.system.DSystem run
INFO: distfilesys system initialized.
Jan 31, 2016 2:24:19 PM distfilesys.system.DSystem loadHosts
WARNING: No hosts found.
Jan 31, 2016 2:24:22 PM distfilesys.system.DSystem run
INFO: distfilesys system initialized.
Jan 31, 2016 2:24:32 PM distfilesys.system.DSystem loadHosts
WARNING: No hosts found.
Jan 31, 2016 2:24:34 PM distfilesys.system.DSystem run
INFO: distfilesys system initialized.
Jan 31, 2016 2:25:02 PM distfilesys.system.DSystem loadHosts
WARNING: No hosts found.
Jan 31, 2016 2:25:05 PM distfilesys.system.DSystem run
INFO: distfilesys system initialized.
Jan 31, 2016 2:25:38 PM distfilesys.system.DSystem loadHosts
WARNING: No hosts found.
Jan 31, 2016 2:25:41 PM distfilesys.system.DSystem run
INFO: distfilesys system initialized.
Jan 31, 2016 2:25:53 PM distfilesys.system.DSystem loadHosts
WARNING: No hosts found.
Jan 31, 2016 2:25:56 PM distfilesys.system.DSystem run
INFO: distfilesys system initialized.
Jan 31, 2016 2:26:23 PM distfilesys.system.DSystem loadHosts
WARNING: No hosts found.
Jan 31, 2016 2:26:25 PM distfilesys.system.DSystem run
INFO: distfilesys system initialized.
Jan 31, 2016 2:26:49 PM distfilesys.system.DSystem loadHosts
WARNING: No hosts found.
Jan 31, 2016 2:26:52 PM distfilesys.system.DSystem run
INFO: distfilesys system initialized.
Jan 31, 2016 2:27:07 PM distfilesys.system.DSystem loadHosts
WARNING: No hosts found.
Jan 31, 2016 2:27:10 PM distfilesys.system.DSystem run
INFO: distfilesys system initialized.
Jan 31, 2016 2:27:24 PM distfilesys.system.DSystem loadHosts
WARNING: No hosts found.
Jan 31, 2016 2:27:26 PM distfilesys.system.DSystem run
INFO: distfilesys system initialized.
Jan 31, 2016 2:49:30 PM distfilesys.system.DSystem loadHosts
WARNING: No hosts found.
Jan 31, 2016 2:49:30 PM distfilesys.system.DSystem run
INFO: distfilesys system initialized.
Jan 31, 2016 2:49:35 PM distfilesys.system.Thread fileStream
INFO: Received file: insertkey.log
Jan 31, 2016 2:49:36 PM distfilesys.system.Thread fileStream
INFO: Received file: insertkey.log
Jan 31, 2016 2:49:36 PM distfilesys.system.Thread fileStream
INFO: Received file: lastaccess.log
Jan 31, 2016 2:49:36 PM distfilesys.system.Thread fileStream
INFO: Received file: lastaccess.log
Jan 31, 2016 2:49:36 PM distfilesys.system.Thread fileStream
INFO: Received file: lastaccess.log
Jan 31, 2016 2:49:36 PM distfilesys.system.Thread fileStream
INFO: Received file: insertkey.log
Jan 31, 2016 2:49:36 PM distfilesys.system.Thread fileStream
INFO: Received file: insertkey.log
Jan 31, 2016 2:49:36 PM distfilesys.system.Thread fileStream
INFO: Received file: insertkey.log
Jan 31, 2016 2:49:36 PM distfilesys.system.Thread fileStream
INFO: Received file: insertkey.log
Jan 31, 2016 2:49:36 PM distfilesys.system.Thread fileStream
INFO: Received file: insertkey.log
Jan 31, 2016 2:49:36 PM distfilesys.system.Thread fileStream
INFO: Received file: insertkey.log
Jan 31, 2016 2:49:36 PM distfilesys.system.Thread fileStream
INFO: Received file: insertkey.log
Jan 31, 2016 2:49:36 PM distfilesys.system.Thread fileStream
INFO: Received file: insertkey.log
Jan 31, 2016 2:49:36 PM distfilesys.system.Thread fileStream
INFO: Received file: insertkey.log
Jan 31, 2016 2:49:36 PM distfilesys.system.Thread fileStream
INFO: Received file: insertkey.log
Jan 31, 2016 2:49:36 PM distfilesys.system.Thread fileStream
INFO: Received file: insertkey.log
Jan 31, 2016 2:49:36 PM distfilesys.system.Thread fileStream
INFO: Received file: insertkey.log
Jan 31, 2016 2:49:36 PM distfilesys.system.Thread fileStream
INFO: Received file: insertkey.log
Jan 31, 2016 2:49:36 PM distfilesys.system.Thread fileStream
INFO: Received file: insertkey.log
Jan 31, 2016 2:49:36 PM distfilesys.system.Thread fileStream
INFO: Received file: insertkey.log
Jan 31, 2016 2:49:36 PM distfilesys.system.Thread fileStream
INFO: Received file: insertkey.log
Jan 31, 2016 2:49:36 PM distfilesys.system.Thread fileStream
INFO: Received file: insertkey.log
Jan 31, 2016 2:49:36 PM distfilesys.system.Thread fileStream
INFO: Received file: insertkey.log
Jan 31, 2016 2:49:36 PM distfilesys.system.Thread fileStream
INFO: Received file: insertkey.log
Jan 31, 2016 2:49:36 PM distfilesys.system.Thread fileStream
INFO: Received file: insertkey.log
Jan 31, 2016 2:49:36 PM distfilesys.system.Thread fileStream
INFO: Received file: insertkey.log
Jan 31, 2016 2:49:36 PM distfilesys.system.Thread fileStream
INFO: Received file: insertkey.log
Jan 31, 2016 2:49:36 PM distfilesys.system.Thread fileStream
INFO: Received file: insertkey.log
Jan 31, 2016 2:49:36 PM distfilesys.system.Thread fileStream
INFO: Received file: insertkey.log
Jan 31, 2016 2:49:36 PM distfilesys.system.Thread fileStream
INFO: Received file: insertkey.log
Jan 31, 2016 2:49:36 PM distfilesys.system.Thread fileStream
INFO: Received file: insertkey.log
Jan 31, 2016 2:49:36 PM distfilesys.system.Thread fileStream
INFO: Received file: insertkey.log
Jan 31, 2016 2:49:36 PM distfilesys.system.Thread fileStream
INFO: Received file: insertkey.log
Jan 31, 2016 2:49:36 PM distfilesys.system.Thread fileStream
INFO: Received file: insertkey.log
Jan 31, 2016 2:49:36 PM distfilesys.system.Thread fileStream
INFO: Received file: insertkey.log
Jan 31, 2016 2:49:36 PM distfilesys.system.Thread fileStream
INFO: Received file: lastaccess.log
Jan 31, 2016 2:49:37 PM distfilesys.system.Thread fileStream
INFO: Received file: lastaccess.log
Jan 31, 2016 2:49:37 PM distfilesys.system.Thread fileStream
INFO: Received file: lastaccess.log
Jan 31, 2016 2:49:37 PM distfilesys.system.Thread fileStream
INFO: Received file: insertkey.log
Jan 31, 2016 2:49:37 PM distfilesys.system.Thread fileStream
INFO: Received file: insertkey.log
Jan 31, 2016 2:49:37 PM distfilesys.system.Thread fileStream
INFO: Received file: insertkey.log
Jan 31, 2016 2:49:37 PM distfilesys.system.Thread fileStream
INFO: Received file: insertkey.log
Jan 31, 2016 2:49:37 PM distfilesys.system.Thread fileStream
INFO: Received file: insertkey.log
Jan 31, 2016 2:49:37 PM distfilesys.system.Thread fileStream
INFO: Received file: insertkey.log
Jan 31, 2016 2:49:37 PM distfilesys.system.Thread fileStream
INFO: Received file: insertkey.log
Jan 31, 2016 2:49:37 PM distfilesys.system.Thread fileStream
INFO: Received file: insertkey.log
Jan 31, 2016 2:49:37 PM distfilesys.system.Thread fileStream
INFO: Received file: insertkey.log
Jan 31, 2016 2:49:37 PM distfilesys.system.Thread fileStream
INFO: Received file: insertkey.log
Jan 31, 2016 2:49:37 PM distfilesys.system.Thread fileStream
INFO: Received file: insertkey.log
Jan 31, 2016 2:49:37 PM distfilesys.system.Thread fileStream
INFO: Received file: insertkey.log
Jan 31, 2016 2:49:37 PM distfilesys.system.Thread fileStream
INFO: Received file: insertkey.log
Jan 31, 2016 2:49:37 PM distfilesys.system.Thread fileStream
INFO: Received file: lastaccess.log
Jan 31, 2016 2:49:37 PM distfilesys.system.Thread fileStream
INFO: Received file: lastaccess.log
Jan 31, 2016 2:49:37 PM distfilesys.system.Thread fileStream
INFO: Received file: lastaccess.log
Jan 31, 2016 2:49:37 PM distfilesys.system.Thread fileStream
INFO: Received file: insertkey.log
Jan 31, 2016 2:49:37 PM distfilesys.system.Thread fileStream
INFO: Received file: insertkey.log
Jan 31, 2016 2:49:37 PM distfilesys.system.Thread fileStream
INFO: Received file: insertkey.log
Jan 31, 2016 2:49:37 PM distfilesys.system.Thread fileStream
INFO: Received file: insertkey.log
Jan 31, 2016 2:49:37 PM distfilesys.system.Thread fileStream
INFO: Received file: insertkey.log
Jan 31, 2016 2:49:37 PM distfilesys.system.Thread fileStream
INFO: Received file: insertkey.log
Jan 31, 2016 2:49:37 PM distfilesys.system.Thread fileStream
INFO: Received file: insertkey.log
Jan 31, 2016 2:49:37 PM distfilesys.system.Thread fileStream
INFO: Received file: insertkey.log
Jan 31, 2016 2:49:37 PM distfilesys.system.Thread fileStream
INFO: Received file: insertkey.log
Jan 31, 2016 2:49:38 PM distfilesys.system.Thread fileStream
INFO: Received file: lastaccess.log
Jan 31, 2016 2:49:38 PM distfilesys.system.Thread fileStream
INFO: Received file: lastaccess.log
Jan 31, 2016 2:49:38 PM distfilesys.system.Thread fileStream
INFO: Received file: lastaccess.log
Jan 31, 2016 2:49:38 PM distfilesys.system.Thread fileStream
INFO: Received file: insertkey.log
Jan 31, 2016 2:49:38 PM distfilesys.system.Thread fileStream
INFO: Received file: insertkey.log
Jan 31, 2016 2:49:38 PM distfilesys.system.Thread fileStream
INFO: Received file: insertkey.log
Jan 31, 2016 2:49:38 PM distfilesys.system.Thread fileStream
INFO: Received file: insertkey.log
Jan 31, 2016 2:49:38 PM distfilesys.system.Thread fileStream
INFO: Received file: insertkey.log
Jan 31, 2016 2:49:38 PM distfilesys.system.Thread fileStream
INFO: Received file: lastaccess.log
Jan 31, 2016 2:49:38 PM distfilesys.system.Thread fileStream
INFO: Received file: lastaccess.log
Jan 31, 2016 2:49:38 PM distfilesys.system.Thread fileStream
INFO: Received file: lastaccess.log
Jan 31, 2016 2:49:38 PM distfilesys.system.Thread fileStream
INFO: Received file: insertkey.log
Jan 31, 2016 2:49:38 PM distfilesys.system.Thread fileStream
INFO: Received file: insertkey.log
Jan 31, 2016 2:49:39 PM distfilesys.system.Thread fileStream
INFO: Received file: lastaccess.log
Jan 31, 2016 2:49:39 PM distfilesys.system.Thread fileStream
INFO: Received file: lastaccess.log
Jan 31, 2016 2:49:39 PM distfilesys.system.Thread fileStream
INFO: Received file: lastaccess.log
Jan 31, 2016 2:49:39 PM distfilesys.system.Thread fileStream
INFO: Received file: insertkey.log
Jan 31, 2016 2:49:39 PM distfilesys.system.Thread fileStream
INFO: Received file: insertkey.log
Jan 31, 2016 2:49:39 PM distfilesys.system.Thread fileStream
INFO: Received file: lastaccess.log
Jan 31, 2016 2:49:39 PM distfilesys.system.Thread fileStream
INFO: Received file: lastaccess.log
Jan 31, 2016 2:49:39 PM distfilesys.system.Thread fileStream
INFO: Received file: lastaccess.log
Jan 31, 2016 2:49:39 PM distfilesys.system.Thread fileStream
INFO: Received file: insertkey.log
Jan 31, 2016 2:49:40 PM distfilesys.system.Thread fileStream
INFO: Received file: lastaccess.log
Jan 31, 2016 2:49:40 PM distfilesys.system.Thread fileStream
INFO: Received file: lastaccess.log
Jan 31, 2016 2:49:40 PM distfilesys.system.Thread fileStream
INFO: Received file: lastaccess.log
Jan 31, 2016 2:49:40 PM distfilesys.system.Thread fileStream
INFO: Received file: insertkey.log
Jan 31, 2016 2:49:40 PM distfilesys.system.Thread fileStream
INFO: Received file: lastaccess.log
Jan 31, 2016 2:49:40 PM distfilesys.system.Thread fileStream
INFO: Received file: lastaccess.log
Jan 31, 2016 2:49:40 PM distfilesys.system.Thread fileStream
INFO: Received file: lastaccess.log
Jan 31, 2016 2:49:40 PM distfilesys.system.Thread fileStream
INFO: Received file: insertkey.log
Jan 31, 2016 2:49:41 PM distfilesys.system.Thread fileStream
INFO: Received file: lastaccess.log
Jan 31, 2016 2:49:41 PM distfilesys.system.Thread fileStream
INFO: Received file: lastaccess.log
Jan 31, 2016 2:49:41 PM distfilesys.system.Thread fileStream
INFO: Received file: lastaccess.log
Jan 31, 2016 2:49:41 PM distfilesys.system.Thread fileStream
INFO: Received file: lastaccess.log
Jan 31, 2016 2:49:41 PM distfilesys.system.Thread fileStream
INFO: Received file: lastaccess.log
Jan 31, 2016 2:49:41 PM distfilesys.system.Thread fileStream
INFO: Received file: lastaccess.log
Jan 31, 2016 2:49:41 PM distfilesys.system.Thread fileStream
INFO: Received file: insertkey.log
Jan 31, 2016 2:49:42 PM distfilesys.system.Thread fileStream
INFO: Received file: lastaccess.log
Jan 31, 2016 2:49:42 PM distfilesys.system.Thread fileStream
INFO: Received file: lastaccess.log
Jan 31, 2016 2:49:42 PM distfilesys.system.Thread fileStream
INFO: Received file: lastaccess.log
Jan 31, 2016 2:49:42 PM distfilesys.system.Thread fileStream
INFO: Received file: insertkey.log
Jan 31, 2016 2:49:42 PM distfilesys.system.Thread fileStream
INFO: Received file: lastaccess.log
Jan 31, 2016 2:49:42 PM distfilesys.system.Thread fileStream
INFO: Received file: lastaccess.log
Jan 31, 2016 2:49:42 PM distfilesys.system.Thread fileStream
INFO: Received file: lastaccess.log
Jan 31, 2016 2:49:42 PM distfilesys.system.Thread fileStream
INFO: Received file: insertkey.log
Jan 31, 2016 2:49:43 PM distfilesys.system.Thread fileStream
INFO: Received file: lastaccess.log
Jan 31, 2016 2:49:43 PM distfilesys.system.Thread fileStream
INFO: Received file: lastaccess.log
Jan 31, 2016 2:49:43 PM distfilesys.system.Thread fileStream
INFO: Received file: lastaccess.log
Jan 31, 2016 2:49:43 PM distfilesys.system.Thread fileStream
INFO: Received file: insertkey.log
Jan 31, 2016 2:49:43 PM distfilesys.system.Thread fileStream
INFO: Received file: lastaccess.log
Jan 31, 2016 2:49:43 PM distfilesys.system.Thread fileStream
INFO: Received file: lastaccess.log
Jan 31, 2016 2:49:43 PM distfilesys.system.Thread fileStream
INFO: Received file: lastaccess.log
Jan 31, 2016 2:49:43 PM distfilesys.system.Thread fileStream
INFO: Received file: insertkey.log
Jan 31, 2016 2:49:44 PM distfilesys.system.Thread fileStream
INFO: Received file: lastaccess.log
Jan 31, 2016 2:49:44 PM distfilesys.system.Thread fileStream
INFO: Received file: lastaccess.log
Jan 31, 2016 2:49:44 PM distfilesys.system.Thread fileStream
INFO: Received file: lastaccess.log
Jan 31, 2016 2:49:44 PM distfilesys.system.Thread fileStream
INFO: Received file: lastaccess.log
Jan 31, 2016 2:49:44 PM distfilesys.system.Thread fileStream
INFO: Received file: lastaccess.log
Jan 31, 2016 2:49:44 PM distfilesys.system.Thread fileStream
INFO: Received file: lastaccess.log
Jan 31, 2016 2:49:44 PM distfilesys.system.Thread fileStream
INFO: Received file: insertkey.log
Jan 31, 2016 2:49:45 PM distfilesys.system.Thread fileStream
INFO: Received file: lastaccess.log
Jan 31, 2016 2:49:45 PM distfilesys.system.Thread fileStream
INFO: Received file: lastaccess.log
Jan 31, 2016 2:49:45 PM distfilesys.system.Thread fileStream
INFO: Received file: lastaccess.log
Jan 31, 2016 2:49:45 PM distfilesys.system.Thread fileStream
INFO: Received file: insertkey.log
Jan 31, 2016 2:49:45 PM distfilesys.system.Thread fileStream
INFO: Received file: lastaccess.log
Jan 31, 2016 2:49:45 PM distfilesys.system.Thread fileStream
INFO: Received file: lastaccess.log
Jan 31, 2016 2:49:45 PM distfilesys.system.Thread fileStream
INFO: Received file: lastaccess.log
Jan 31, 2016 2:49:45 PM distfilesys.system.Thread fileStream
INFO: Received file: insertkey.log
Jan 31, 2016 2:49:46 PM distfilesys.system.Thread fileStream
INFO: Received file: lastaccess.log
Jan 31, 2016 2:49:46 PM distfilesys.system.Thread fileStream
INFO: Received file: lastaccess.log
Jan 31, 2016 2:49:46 PM distfilesys.system.Thread fileStream
INFO: Received file: lastaccess.log
Jan 31, 2016 2:49:46 PM distfilesys.system.Thread fileStream
INFO: Received file: insertkey.log
Jan 31, 2016 2:49:47 PM distfilesys.system.Thread fileStream
INFO: Received file: lastaccess.log
Jan 31, 2016 2:49:47 PM distfilesys.system.Thread fileStream
INFO: Received file: lastaccess.log
Jan 31, 2016 2:49:47 PM distfilesys.system.Thread fileStream
INFO: Received file: lastaccess.log
